本次抓到 10 則候選新聞。
[相似略過] 憂「柯文哲之後是黃國昌」趙少康爆料：立委不敢放假怕被抓去關| 政治焦點 - 太報 TaiSounds | 類似於: 憂「柯文哲之後是黃國昌」趙少康爆料：立委不敢放假怕被抓去關| 政治焦點 - 太報 TaiSounds
--------------------------------------------------
候選新聞: 10 則
重複略過: 9 則
相似略過: 1 則
新增情報: 0 則
Telegram 已推送: 0 則
資料庫: political_intel.db
本次抓到 10 則候選新聞。
[相似略過] 憂「柯文哲之後是黃國昌」趙少康爆料：立委不敢放假怕被抓去關| 政治焦點 - 太報 TaiSounds | 類似於: 憂「柯文哲之後是黃國昌」趙少康爆料：立委不敢放假怕被抓去關| 政治焦點 - 太報 TaiSounds
--------------------------------------------------
候選新聞: 10 則
重複略過: 9 則
相似略過: 1 則
新增情報: 0 則
Telegram 已推送: 0 則
資料庫: political_intel.db
本次抓到 10 則候選新聞。
[相似略過] 憂「柯文哲之後是黃國昌」趙少康爆料：立委不敢放假怕被抓去關| 政治焦點 - 太報 TaiSounds | 類似於: 憂「柯文哲之後是黃國昌」趙少康爆料：立委不敢放假怕被抓去關| 政治焦點 - 太報 TaiSounds
--------------------------------------------------
候選新聞: 10 則
重複略過: 9 則
相似略過: 1 則
新增情報: 0 則
Telegram 已推送: 0 則
資料庫: political_intel.db
本次抓到 10 則候選新聞。
[相似略過] 憂「柯文哲之後是黃國昌」趙少康爆料：立委不敢放假怕被抓去關| 政治焦點 - 太報 TaiSounds | 類似於: 憂「柯文哲之後是黃國昌」趙少康爆料：立委不敢放假怕被抓去關| 政治焦點 - 太報 TaiSounds
--------------------------------------------------
候選新聞: 10 則
重複略過: 9 則
相似略過: 1 則
新增情報: 0 則
Telegram 已推送: 0 則
資料庫: political_intel.db
本次抓到 10 則候選新聞。
[相似略過] 憂「柯文哲之後是黃國昌」趙少康爆料：立委不敢放假怕被抓去關| 政治焦點 - 太報 TaiSounds | 類似於: 憂「柯文哲之後是黃國昌」趙少康爆料：立委不敢放假怕被抓去關| 政治焦點 - 太報 TaiSounds
[已推送] 「賴清德沒用的！」 柯文哲手顫抖直指總統府咆哮「我不會投降！你消滅不了後面成千上萬小草！」 - 台灣好新聞
--------------------------------------------------
候選新聞: 10 則
重複略過: 8 則
相似略過: 1 則
新增情報: 1 則
Telegram 已推送: 1 則
資料庫: political_intel.db
本次抓到 10 則候選新聞。
[相似略過] 憂「柯文哲之後是黃國昌」趙少康爆料：立委不敢放假怕被抓去關| 政治焦點 - 太報 TaiSounds | 類似於: 憂「柯文哲之後是黃國昌」趙少康爆料：立委不敢放假怕被抓去關| 政治焦點 - 太報 TaiSounds
[相似略過] 「賴清德沒用的！」 柯文哲手顫抖直指總統府咆哮「我不會投降！你消滅不了後面成千上萬小草！」 - taiwanhot.net | 類似於: 「賴清德沒用的！」 柯文哲手顫抖直指總統府咆哮「我不會投降！你消滅不了後面成千上萬小草！」 - 台灣好新聞
--------------------------------------------------
候選新聞: 10 則
重複略過: 8 則
相似略過: 2 則
新增情報: 0 則
Telegram 已推送: 0 則
資料庫: political_intel.db
本次抓到 10 則候選新聞。
[相似略過] 憂「柯文哲之後是黃國昌」趙少康爆料：立委不敢放假怕被抓去關| 政治焦點 - 太報 TaiSounds | 類似於: 憂「柯文哲之後是黃國昌」趙少康爆料：立委不敢放假怕被抓去關| 政治焦點 - 太報 TaiSounds
[相似略過] 「賴清德沒用的！」 柯文哲手顫抖直指總統府咆哮「我不會投降！你消滅不了後面成千上萬小草！」 - taiwanhot.net | 類似於: 「賴清德沒用的！」 柯文哲手顫抖直指總統府咆哮「我不會投降！你消滅不了後面成千上萬小草！」 - 台灣好新聞
--------------------------------------------------
候選新聞: 10 則
重複略過: 8 則
相似略過: 2 則
新增情報: 0 則
Telegram 已推送: 0 則
資料庫: political_intel.db
本次抓到 10 則候選新聞。
[相似略過] 憂「柯文哲之後是黃國昌」趙少康爆料：立委不敢放假怕被抓去關| 政治焦點 - 太報 TaiSounds | 類似於: 憂「柯文哲之後是黃國昌」趙少康爆料：立委不敢放假怕被抓去關| 政治焦點 - 太報 TaiSounds
--------------------------------------------------
候選新聞: 10 則
重複略過: 9 則
相似略過: 1 則
新增情報: 0 則
Telegram 已推送: 0 則
資料庫: political_intel.db
本次抓到 10 則候選新聞。
[相似略過] 柯文哲涉貪判刑民眾黨抗爭、國民黨內僅立委來聲援 黃國昌：不是為柯個人討公道 - tw.news.yahoo.com | 類似於: 柯文哲涉貪判刑民眾黨抗爭、國民黨內僅立委來聲援 黃國昌：不是為柯個人討公道 - Yahoo新聞
[相似略過] 憂「柯文哲之後是黃國昌」趙少康爆料：立委不敢放假怕被抓去關| 政治焦點 - 太報 TaiSounds | 類似於: 憂「柯文哲之後是黃國昌」趙少康爆料：立委不敢放假怕被抓去關| 政治焦點 - 太報 TaiSounds
[相似略過] 凱道造勢破8萬人！ 柯文哲面向總統府怒喊：賴清德沒有用的 - tw.news.yahoo.com | 類似於: 凱道329遊行8萬人，柯文哲怒指總統府「賴清德沒有用的！」 - 遠見雜誌
[相似略過] 柯文哲向總統府怒喊「賴清德沒有用的」　民眾黨：凱道現場8萬人 - ettoday.net | 類似於: 柯文哲向總統府怒喊「賴清德沒有用的」　民眾黨：凱道現場8萬人 - ETtoday新聞雲
[相似略過] 凱道造勢破8萬人！ 柯文哲面向總統府怒喊：賴清德沒有用的 - tw.news.yahoo.com | 類似於: 凱道329遊行8萬人，柯文哲怒指總統府「賴清德沒有用的！」 - 遠見雜誌
--------------------------------------------------
候選新聞: 10 則
重複略過: 5 則
相似略過: 5 則
新增情報: 0 則
Telegram 已推送: 0 則
資料庫: political_intel.db
本次抓到 10 則候選新聞。
[相似略過] 憂「柯文哲之後是黃國昌」趙少康爆料：立委不敢放假怕被抓去關| 政治焦點 - 太報 TaiSounds | 類似於: 憂「柯文哲之後是黃國昌」趙少康爆料：立委不敢放假怕被抓去關| 政治焦點 - 太報 TaiSounds
[已推送] 馬英九基金會高潮來了！前立委：朱立倫、侯友宜將粉墨登場 - Yahoo新聞
--------------------------------------------------
候選新聞: 10 則
重複略過: 8 則
相似略過: 1 則
新增情報: 1 則
Telegram 已推送: 1 則
資料庫: political_intel.db
本次抓到 10 則候選新聞。
[相似略過] 憂「柯文哲之後是黃國昌」趙少康爆料：立委不敢放假怕被抓去關| 政治焦點 - taisounds.com | 類似於: 憂「柯文哲之後是黃國昌」趙少康爆料：立委不敢放假怕被抓去關| 政治焦點 - 太報 TaiSounds
[相似略過] 凱道造勢破8萬人！ 柯文哲面向總統府怒喊：賴清德沒有用的 - tw.news.yahoo.com | 類似於: 凱道329遊行8萬人，柯文哲怒指總統府「賴清德沒有用的！」 - 遠見雜誌
[相似略過] 柯文哲向總統府怒喊「賴清德沒有用的」　民眾黨：凱道現場8萬人 - ettoday.net | 類似於: 柯文哲向總統府怒喊「賴清德沒有用的」　民眾黨：凱道現場8萬人 - ETtoday新聞雲
[相似略過] 凱道造勢破8萬人！ 柯文哲面向總統府怒喊：賴清德沒有用的 - tw.news.yahoo.com | 類似於: 凱道329遊行8萬人，柯文哲怒指總統府「賴清德沒有用的！」 - 遠見雜誌
[相似略過] 柯文哲凱道轉身怒指總統府 激動喊「賴清德沒用的人」｜#鏡新聞 - tw.news.yahoo.com | 類似於: 柯文哲凱道轉身怒指總統府 激動喊「賴清德沒用的人」｜#鏡新聞 - Yahoo新聞
--------------------------------------------------
候選新聞: 10 則
重複略過: 5 則
相似略過: 5 則
新增情報: 0 則
Telegram 已推送: 0 則
資料庫: political_intel.db
本次抓到 10 則候選新聞。
[已推送] 民眾黨萬人集會聲援柯文哲 逾20國民黨立委到場 柯：不會屈服 - 20260330 - 中國 - 明報新聞網
[相似略過] 憂「柯文哲之後是黃國昌」趙少康爆料：立委不敢放假怕被抓去關| 政治焦點 - taisounds.com | 類似於: 憂「柯文哲之後是黃國昌」趙少康爆料：立委不敢放假怕被抓去關| 政治焦點 - 太報 TaiSounds
[相似略過] 凱道造勢破8萬人！ 柯文哲面向總統府怒喊：賴清德沒有用的 - tw.news.yahoo.com | 類似於: 凱道329遊行8萬人，柯文哲怒指總統府「賴清德沒有用的！」 - 遠見雜誌
[相似略過] 凱道造勢破8萬人！ 柯文哲面向總統府怒喊：賴清德沒有用的 - tw.news.yahoo.com | 類似於: 凱道329遊行8萬人，柯文哲怒指總統府「賴清德沒有用的！」 - 遠見雜誌
--------------------------------------------------
候選新聞: 10 則
重複略過: 6 則
相似略過: 3 則
新增情報: 1 則
Telegram 已推送: 1 則
資料庫: political_intel.db
本次抓到 10 則候選新聞。
[相似略過] 憂「柯文哲之後是黃國昌」趙少康爆料：立委不敢放假怕被抓去關| 政治焦點 - 太報 TaiSounds | 類似於: 憂「柯文哲之後是黃國昌」趙少康爆料：立委不敢放假怕被抓去關| 政治焦點 - 太報 TaiSounds
[相似略過] 柯文哲向總統府怒喊「賴清德沒有用的」　民眾黨：凱道現場8萬人 - ettoday.net | 類似於: 柯文哲向總統府怒喊「賴清德沒有用的」　民眾黨：凱道現場8萬人 - ETtoday新聞雲
--------------------------------------------------
候選新聞: 10 則
重複略過: 8 則
相似略過: 2 則
新增情報: 0 則
Telegram 已推送: 0 則
資料庫: political_intel.db
本次抓到 10 則候選新聞。
[相似略過] 憂「柯文哲之後是黃國昌」趙少康爆料：立委不敢放假怕被抓去關| 政治焦點 - 太報 TaiSounds | 類似於: 憂「柯文哲之後是黃國昌」趙少康爆料：立委不敢放假怕被抓去關| 政治焦點 - 太報 TaiSounds
[相似略過] 柯文哲向總統府怒喊「賴清德沒有用的」　民眾黨：凱道現場8萬人 - ettoday.net | 類似於: 柯文哲向總統府怒喊「賴清德沒有用的」　民眾黨：凱道現場8萬人 - ETtoday新聞雲
--------------------------------------------------
候選新聞: 10 則
重複略過: 8 則
相似略過: 2 則
新增情報: 0 則
Telegram 已推送: 0 則
資料庫: political_intel.db
本次抓到 10 則候選新聞。
[相似略過] 憂「柯文哲之後是黃國昌」趙少康爆料：立委不敢放假怕被抓去關| 政治焦點 - 太報 TaiSounds | 類似於: 憂「柯文哲之後是黃國昌」趙少康爆料：立委不敢放假怕被抓去關| 政治焦點 - 太報 TaiSounds
--------------------------------------------------
候選新聞: 10 則
重複略過: 9 則
相似略過: 1 則
新增情報: 0 則
Telegram 已推送: 0 則
資料庫: political_intel.db
本次抓到 10 則候選新聞。
[相似略過] 憂「柯文哲之後是黃國昌」趙少康爆料：立委不敢放假怕被抓去關| 政治焦點 - 太報 TaiSounds | 類似於: 憂「柯文哲之後是黃國昌」趙少康爆料：立委不敢放假怕被抓去關| 政治焦點 - 太報 TaiSounds
[相似略過] 柯文哲向總統府怒喊「賴清德沒有用的」　民眾黨：凱道現場8萬人 - ettoday.net | 類似於: 柯文哲向總統府怒喊「賴清德沒有用的」　民眾黨：凱道現場8萬人 - ETtoday新聞雲
--------------------------------------------------
候選新聞: 10 則
重複略過: 8 則
相似略過: 2 則
新增情報: 0 則
Telegram 已推送: 0 則
資料庫: political_intel.db
本次抓到 10 則候選新聞。
[相似略過] 憂「柯文哲之後是黃國昌」趙少康爆料：立委不敢放假怕被抓去關| 政治焦點 - 太報 TaiSounds | 類似於: 憂「柯文哲之後是黃國昌」趙少康爆料：立委不敢放假怕被抓去關| 政治焦點 - 太報 TaiSounds
--------------------------------------------------
候選新聞: 10 則
重複略過: 9 則
相似略過: 1 則
新增情報: 0 則
Telegram 已推送: 0 則
資料庫: political_intel.db
本次抓到 10 則候選新聞。
[相似略過] 憂「柯文哲之後是黃國昌」趙少康爆料：立委不敢放假怕被抓去關| 政治焦點 - 太報 TaiSounds | 類似於: 憂「柯文哲之後是黃國昌」趙少康爆料：立委不敢放假怕被抓去關| 政治焦點 - 太報 TaiSounds
[已推送] 民眾黨、黃國昌稱超過8萬人上凱道？ 四叉貓：是個「乘十」的政黨| 政治 - Newtalk新聞
--------------------------------------------------
候選新聞: 10 則
重複略過: 8 則
相似略過: 1 則
新增情報: 1 則
Telegram 已推送: 1 則
資料庫: political_intel.db
本次抓到 10 則候選新聞。
[相似略過] 憂「柯文哲之後是黃國昌」趙少康爆料：立委不敢放假怕被抓去關| 政治焦點 - 太報 TaiSounds | 類似於: 憂「柯文哲之後是黃國昌」趙少康爆料：立委不敢放假怕被抓去關| 政治焦點 - 太報 TaiSounds
[相似略過] 民眾黨、黃國昌稱超過8萬人上凱道？ 四叉貓：是個「乘十」的政黨| 政治 - newtalk.tw | 類似於: 民眾黨、黃國昌稱超過8萬人上凱道？ 四叉貓：是個「乘十」的政黨| 政治 - Newtalk新聞
[已推送] 聯合報社論／柯文哲總統大夢終結，民眾黨如何避免潰散 - 聯合新聞網
--------------------------------------------------
候選新聞: 10 則
重複略過: 7 則
相似略過: 2 則
新增情報: 1 則
Telegram 已推送: 1 則
資料庫: political_intel.db
本次抓到 10 則候選新聞。
[相似略過] 憂「柯文哲之後是黃國昌」趙少康爆料：立委不敢放假怕被抓去關| 政治焦點 - 太報 TaiSounds | 類似於: 憂「柯文哲之後是黃國昌」趙少康爆料：立委不敢放假怕被抓去關| 政治焦點 - 太報 TaiSounds
--------------------------------------------------
候選新聞: 10 則
重複略過: 9 則
相似略過: 1 則
新增情報: 0 則
Telegram 已推送: 0 則
資料庫: political_intel.db
本次抓到 10 則候選新聞。
[相似略過] 憂「柯文哲之後是黃國昌」趙少康爆料：立委不敢放假怕被抓去關| 政治焦點 - taisounds.com | 類似於: 憂「柯文哲之後是黃國昌」趙少康爆料：立委不敢放假怕被抓去關| 政治焦點 - 太報 TaiSounds
[相似略過] 民眾黨、黃國昌稱超過8萬人上凱道？ 四叉貓：是個「乘十」的政黨| 政治 - newtalk.tw | 類似於: 民眾黨、黃國昌稱超過8萬人上凱道？ 四叉貓：是個「乘十」的政黨| 政治 - Newtalk新聞
--------------------------------------------------
候選新聞: 10 則
重複略過: 8 則
相似略過: 2 則
新增情報: 0 則
Telegram 已推送: 0 則
資料庫: political_intel.db
本次抓到 10 則候選新聞。
[相似略過] 憂「柯文哲之後是黃國昌」趙少康爆料：立委不敢放假怕被抓去關| 政治焦點 - taisounds.com | 類似於: 憂「柯文哲之後是黃國昌」趙少康爆料：立委不敢放假怕被抓去關| 政治焦點 - 太報 TaiSounds
--------------------------------------------------
候選新聞: 10 則
重複略過: 9 則
相似略過: 1 則
新增情報: 0 則
Telegram 已推送: 0 則
資料庫: political_intel.db
本次抓到 10 則候選新聞。
[相似略過] 憂「柯文哲之後是黃國昌」趙少康爆料：立委不敢放假怕被抓去關| 政治焦點 - taisounds.com | 類似於: 憂「柯文哲之後是黃國昌」趙少康爆料：立委不敢放假怕被抓去關| 政治焦點 - 太報 TaiSounds
[已推送] 共和黨總統初選風向球：美國保守派年會民調，范斯奪冠、盧比歐聲勢看漲 - TNL The News Lens 關鍵評論網
--------------------------------------------------
候選新聞: 10 則
重複略過: 8 則
相似略過: 1 則
新增情報: 1 則
Telegram 已推送: 1 則
資料庫: political_intel.db
本次抓到 10 則候選新聞。
[相似略過] 憂「柯文哲之後是黃國昌」趙少康爆料：立委不敢放假怕被抓去關| 政治焦點 - 太報 TaiSounds | 類似於: 憂「柯文哲之後是黃國昌」趙少康爆料：立委不敢放假怕被抓去關| 政治焦點 - 太報 TaiSounds
--------------------------------------------------
候選新聞: 10 則
重複略過: 9 則
相似略過: 1 則
新增情報: 0 則
Telegram 已推送: 0 則
資料庫: political_intel.db
本次抓到 10 則候選新聞。
[已推送] 稱政黨法斬斷柯文哲政治路 黃帝穎：黃國昌明顯騙柯不懂法 - 自由時報
--------------------------------------------------
候選新聞: 10 則
重複略過: 9 則
相似略過: 0 則
新增情報: 1 則
Telegram 已推送: 1 則
資料庫: political_intel.db
本次抓到 10 則候選新聞。
[已推送] 黃國昌指操弄司法的政黨會下台 徐國勇嗆：就是國民黨、民眾黨 | 政治 - Newtalk新聞
[相似略過] 凱道造勢破8萬人！ 柯文哲面向總統府怒喊：賴清德沒有用的 - tw.news.yahoo.com | 類似於: 凱道329遊行8萬人，柯文哲怒指總統府「賴清德沒有用的！」 - 遠見雜誌
--------------------------------------------------
候選新聞: 10 則
重複略過: 8 則
相似略過: 1 則
新增情報: 1 則
Telegram 已推送: 1 則
資料庫: political_intel.db
本次抓到 10 則候選新聞。
[相似略過] 黃國昌指操弄司法的政黨會下台 徐國勇嗆：就是國民黨、民眾黨 - tw.news.yahoo.com | 類似於: 黃國昌指操弄司法的政黨會下台 徐國勇嗆：就是國民黨、民眾黨 | 政治 - Newtalk新聞
[相似略過] 凱道造勢破8萬人！ 柯文哲面向總統府怒喊：賴清德沒有用的 - tw.news.yahoo.com | 類似於: 凱道329遊行8萬人，柯文哲怒指總統府「賴清德沒有用的！」 - 遠見雜誌
[已推送] 黃國昌喊「政黨操弄司法應下台」 徐國勇超級贊同：下台啦！不就是國民黨 - tw.news.yahoo.com
--------------------------------------------------
候選新聞: 10 則
重複略過: 7 則
相似略過: 2 則
新增情報: 1 則
Telegram 已推送: 1 則
資料庫: political_intel.db
本次抓到 10 則候選新聞。
[相似略過] 黃國昌稱操弄司法政黨會下台 徐國勇附和開嗆：就是國民黨跟民眾黨 - tw.news.yahoo.com | 類似於: 黃國昌指操弄司法的政黨會下台 徐國勇嗆：就是國民黨、民眾黨 | 政治 - Newtalk新聞
[已推送] 黃國昌嗆操弄司法的政黨會下台徐國勇附和：國民黨下台啦| 柯文哲遭判重刑| 要聞 - 聯合新聞網
[相似略過] 黃國昌指操弄司法的政黨會下台 徐國勇嗆：就是國民黨、民眾黨 - tw.news.yahoo.com | 類似於: 黃國昌指操弄司法的政黨會下台 徐國勇嗆：就是國民黨、民眾黨 | 政治 - Newtalk新聞
[相似略過] 凱道造勢破8萬人！ 柯文哲面向總統府怒喊：賴清德沒有用的 - tw.news.yahoo.com | 類似於: 凱道329遊行8萬人，柯文哲怒指總統府「賴清德沒有用的！」 - 遠見雜誌
--------------------------------------------------
候選新聞: 10 則
重複略過: 6 則
相似略過: 3 則
新增情報: 1 則
Telegram 已推送: 1 則
資料庫: political_intel.db
本次抓到 10 則候選新聞。
[相似略過] 黃國昌稱操弄司法政黨會下台 徐國勇附和開嗆：就是國民黨跟民眾黨 - Yahoo新聞 | 類似於: 黃國昌指操弄司法的政黨會下台 徐國勇嗆：就是國民黨、民眾黨 | 政治 - Newtalk新聞
[相似略過] 黃國昌指操弄司法的政黨會下台 徐國勇嗆：就是國民黨、民眾黨 - Yahoo新聞 | 類似於: 黃國昌指操弄司法的政黨會下台 徐國勇嗆：就是國民黨、民眾黨 | 政治 - Newtalk新聞
[相似略過] 黃國昌喊「政黨操弄司法應下台」 徐國勇超級贊同：下台啦！不就是國民黨 - Yahoo新聞 | 類似於: 黃國昌喊「政黨操弄司法應下台」 徐國勇超級贊同：下台啦！不就是國民黨 - tw.news.yahoo.com
[已推送] 影／國民黨立委凱道聲援民眾黨活動 莊瑞雄批政治上的交易 - 聯合新聞網
--------------------------------------------------
候選新聞: 10 則
重複略過: 6 則
相似略過: 3 則
新增情報: 1 則
Telegram 已推送: 1 則
資料庫: political_intel.db
本次抓到 10 則候選新聞。
[相似略過] 黃國昌指操弄司法的政黨會下台 徐國勇嗆：就是國民黨、民眾黨 - Yahoo新聞 | 類似於: 黃國昌指操弄司法的政黨會下台 徐國勇嗆：就是國民黨、民眾黨 | 政治 - Newtalk新聞
[相似略過] 快新聞／黃國昌稱操弄司法政黨會下台 徐國勇附和開嗆：就是國民黨跟民眾黨 - 民視新聞網 | 類似於: 黃國昌指操弄司法的政黨會下台 徐國勇嗆：就是國民黨、民眾黨 | 政治 - Newtalk新聞
[相似略過] 黃國昌嗆操弄司法的政黨會下台 徐國勇附和：國民黨下台啦 - 聯合新聞網 | 類似於: 黃國昌嗆操弄司法的政黨會下台徐國勇附和：國民黨下台啦| 柯文哲遭判重刑| 要聞 - 聯合新聞網
[相似略過] 黃國昌喊「政黨操弄司法應下台」 徐國勇超級贊同：下台啦！不就是國民黨 - Yahoo新聞 | 類似於: 黃國昌喊「政黨操弄司法應下台」 徐國勇超級贊同：下台啦！不就是國民黨 - tw.news.yahoo.com
--------------------------------------------------
候選新聞: 10 則
重複略過: 6 則
相似略過: 4 則
新增情報: 0 則
Telegram 已推送: 0 則
資料庫: political_intel.db
本次抓到 10 則候選新聞。
[相似略過] 快新聞／黃國昌稱操弄司法政黨會下台 徐國勇附和開嗆：就是國民黨跟民眾黨 - 民視新聞網 | 類似於: 黃國昌指操弄司法的政黨會下台 徐國勇嗆：就是國民黨、民眾黨 | 政治 - Newtalk新聞
[相似略過] 黃國昌嗆操弄司法的政黨會下台 徐國勇附和：國民黨下台啦 - 聯合新聞網 | 類似於: 黃國昌嗆操弄司法的政黨會下台徐國勇附和：國民黨下台啦| 柯文哲遭判重刑| 要聞 - 聯合新聞網
[相似略過] 黃國昌喊「政黨操弄司法應下台」 徐國勇超級贊同：下台啦！不就是國民黨 - Yahoo新聞 | 類似於: 黃國昌喊「政黨操弄司法應下台」 徐國勇超級贊同：下台啦！不就是國民黨 - tw.news.yahoo.com
--------------------------------------------------
候選新聞: 10 則
重複略過: 7 則
相似略過: 3 則
新增情報: 0 則
Telegram 已推送: 0 則
資料庫: political_intel.db
本次抓到 10 則候選新聞。
[相似略過] 黃國昌嗆操弄司法的政黨會下台 徐國勇附和：國民黨下台啦 - 聯合新聞網 | 類似於: 黃國昌嗆操弄司法的政黨會下台徐國勇附和：國民黨下台啦| 柯文哲遭判重刑| 要聞 - 聯合新聞網
[已推送] 藍明公布台中市長選舉提名整合民調 3月底確定彰化縣長參選人確定無望 - Yahoo新聞
[相似略過] 黃國昌喊「政黨操弄司法應下台」 徐國勇超級贊同：下台啦！不就是國民黨 - Yahoo新聞 | 類似於: 黃國昌喊「政黨操弄司法應下台」 徐國勇超級贊同：下台啦！不就是國民黨 - tw.news.yahoo.com
--------------------------------------------------
候選新聞: 10 則
重複略過: 7 則
相似略過: 2 則
新增情報: 1 則
Telegram 已推送: 1 則
資料庫: political_intel.db
本次抓到 10 則候選新聞。
[相似略過] 黃國昌嗆操弄司法的政黨會下台 徐國勇附和：國民黨下台啦 - 聯合新聞網 | 類似於: 黃國昌嗆操弄司法的政黨會下台徐國勇附和：國民黨下台啦| 柯文哲遭判重刑| 要聞 - 聯合新聞網
[相似略過] 黃國昌喊「政黨操弄司法應下台」 徐國勇超級贊同：下台啦！不就是國民黨 - Yahoo新聞 | 類似於: 黃國昌喊「政黨操弄司法應下台」 徐國勇超級贊同：下台啦！不就是國民黨 - tw.news.yahoo.com
--------------------------------------------------
候選新聞: 10 則
重複略過: 8 則
相似略過: 2 則
新增情報: 0 則
Telegram 已推送: 0 則
資料庫: political_intel.db
本次抓到 10 則候選新聞。
[相似略過] 黃國昌嗆操弄司法的政黨會下台 徐國勇附和：國民黨下台啦 - 聯合新聞網 | 類似於: 黃國昌嗆操弄司法的政黨會下台徐國勇附和：國民黨下台啦| 柯文哲遭判重刑| 要聞 - 聯合新聞網
[相似略過] 黃國昌喊「政黨操弄司法應下台」 徐國勇超級贊同：下台啦！不就是國民黨 - Yahoo新聞 | 類似於: 黃國昌喊「政黨操弄司法應下台」 徐國勇超級贊同：下台啦！不就是國民黨 - tw.news.yahoo.com
--------------------------------------------------
候選新聞: 10 則
重複略過: 8 則
相似略過: 2 則
新增情報: 0 則
Telegram 已推送: 0 則
資料庫: political_intel.db
本次抓到 10 則候選新聞。
[相似略過] 黃國昌嗆操弄司法的政黨會下台 徐國勇附和：國民黨下台啦 - 聯合新聞網 | 類似於: 黃國昌嗆操弄司法的政黨會下台徐國勇附和：國民黨下台啦| 柯文哲遭判重刑| 要聞 - 聯合新聞網
[相似略過] 黃國昌喊「政黨操弄司法應下台」 徐國勇超級贊同：下台啦！不就是國民黨 - Yahoo新聞 | 類似於: 黃國昌喊「政黨操弄司法應下台」 徐國勇超級贊同：下台啦！不就是國民黨 - tw.news.yahoo.com
[已推送] 國民黨新竹縣長初選 徐欣瑩民調逆轉險勝落淚 - 聯合新聞網
--------------------------------------------------
候選新聞: 10 則
重複略過: 7 則
相似略過: 2 則
新增情報: 1 則
Telegram 已推送: 1 則
資料庫: political_intel.db
本次抓到 10 則候選新聞。
[相似略過] 黃國昌嗆操弄司法的政黨會下台 徐國勇附和：國民黨下台啦 - 聯合新聞網 | 類似於: 黃國昌嗆操弄司法的政黨會下台徐國勇附和：國民黨下台啦| 柯文哲遭判重刑| 要聞 - 聯合新聞網
[相似略過] 黃國昌喊「政黨操弄司法應下台」 徐國勇超級贊同：下台啦！不就是國民黨 - Yahoo新聞 | 類似於: 黃國昌喊「政黨操弄司法應下台」 徐國勇超級贊同：下台啦！不就是國民黨 - tw.news.yahoo.com
--------------------------------------------------
候選新聞: 10 則
重複略過: 8 則
相似略過: 2 則
新增情報: 0 則
Telegram 已推送: 0 則
資料庫: political_intel.db
本次抓到 10 則候選新聞。
[已推送] 國民黨：總統府將善意當敵意？拿預算審議當藉口掩飾兩岸無能 - 聯合新聞網
[相似略過] 國民黨痛批總統府：善意當敵意？借預算掩飾兩岸無能 - 藍雀新傳媒 | 類似於: 國民黨：總統府將善意當敵意？拿預算審議當藉口掩飾兩岸無能 - 聯合新聞網
[相似略過] 黃國昌嗆操弄司法的政黨會下台 徐國勇附和：國民黨下台啦 - 聯合新聞網 | 類似於: 黃國昌嗆操弄司法的政黨會下台徐國勇附和：國民黨下台啦| 柯文哲遭判重刑| 要聞 - 聯合新聞網
[相似略過] 黃國昌喊「政黨操弄司法應下台」 徐國勇超級贊同：下台啦！不就是國民黨 - Yahoo新聞 | 類似於: 黃國昌喊「政黨操弄司法應下台」 徐國勇超級贊同：下台啦！不就是國民黨 - tw.news.yahoo.com
--------------------------------------------------
候選新聞: 10 則
重複略過: 6 則
相似略過: 3 則
新增情報: 1 則
Telegram 已推送: 1 則
資料庫: political_intel.db
本次抓到 10 則候選新聞。
[相似略過] 國民黨痛批總統府：善意當敵意？借預算掩飾兩岸無能 - 藍雀新傳媒 | 類似於: 國民黨：總統府將善意當敵意？拿預算審議當藉口掩飾兩岸無能 - 聯合新聞網
[相似略過] 黃國昌嗆操弄司法的政黨會下台 徐國勇附和：國民黨下台啦 - 聯合新聞網 | 類似於: 黃國昌嗆操弄司法的政黨會下台徐國勇附和：國民黨下台啦| 柯文哲遭判重刑| 要聞 - 聯合新聞網
[相似略過] 黃國昌喊「政黨操弄司法應下台」 徐國勇超級贊同：下台啦！不就是國民黨 - Yahoo新聞 | 類似於: 黃國昌喊「政黨操弄司法應下台」 徐國勇超級贊同：下台啦！不就是國民黨 - tw.news.yahoo.com
--------------------------------------------------
候選新聞: 10 則
重複略過: 7 則
相似略過: 3 則
新增情報: 0 則
Telegram 已推送: 0 則
資料庫: political_intel.db
本次抓到 10 則候選新聞。
[相似略過] 黃國昌指操弄司法的政黨會下台 徐國勇嗆：就是國民黨、民眾黨 - Yahoo新聞 | 類似於: 黃國昌指操弄司法的政黨會下台 徐國勇嗆：就是國民黨、民眾黨 | 政治 - Newtalk新聞
[相似略過] 國民黨：總統府將善意當敵意？拿預算審議當藉口掩飾兩岸無能 - udn.com | 類似於: 國民黨：總統府將善意當敵意？拿預算審議當藉口掩飾兩岸無能 - 聯合新聞網
[相似略過] 黃國昌喊「政黨操弄司法應下台」 徐國勇超級贊同：下台啦！不就是國民黨 - Yahoo新聞 | 類似於: 黃國昌喊「政黨操弄司法應下台」 徐國勇超級贊同：下台啦！不就是國民黨 - tw.news.yahoo.com
[相似略過] 黃國昌嗆操弄司法的政黨會下台 徐國勇附和：國民黨下台啦 - udn.com | 類似於: 黃國昌嗆操弄司法的政黨會下台徐國勇附和：國民黨下台啦| 柯文哲遭判重刑| 要聞 - 聯合新聞網
[相似略過] 影／國民黨立委凱道聲援民眾黨活動 莊瑞雄批政治上的交易 - udn.com | 類似於: 影／國民黨立委凱道聲援民眾黨活動 莊瑞雄批政治上的交易 - 聯合新聞網
[已推送] 造勢破8萬人！再喊不投降、不屈服柯文哲重批：賴清德沒有用的| 政治 - Newtalk新聞
--------------------------------------------------
候選新聞: 10 則
重複略過: 4 則
相似略過: 5 則
新增情報: 1 則
Telegram 已推送: 1 則
資料庫: political_intel.db
本次抓到 10 則候選新聞。
[相似略過] 黃國昌指操弄司法的政黨會下台 徐國勇嗆：就是國民黨、民眾黨 - tw.news.yahoo.com | 類似於: 黃國昌指操弄司法的政黨會下台 徐國勇嗆：就是國民黨、民眾黨 | 政治 - Newtalk新聞
[相似略過] 藍明公布台中市長選舉提名整合民調 3月底確定彰化縣長參選人確定無望 - tw.news.yahoo.com | 類似於: 藍明公布台中市長選舉提名整合民調 3月底確定彰化縣長參選人確定無望 - Yahoo新聞
[相似略過] 國民黨：總統府將善意當敵意？拿預算審議當藉口掩飾兩岸無能 - udn.com | 類似於: 國民黨：總統府將善意當敵意？拿預算審議當藉口掩飾兩岸無能 - 聯合新聞網
[相似略過] 國民黨痛批總統府：善意當敵意？借預算掩飾兩岸無能 - 藍雀新傳媒 | 類似於: 國民黨：總統府將善意當敵意？拿預算審議當藉口掩飾兩岸無能 - 聯合新聞網
[相似略過] 黃國昌嗆操弄司法的政黨會下台 徐國勇附和：國民黨下台啦 - udn.com | 類似於: 黃國昌嗆操弄司法的政黨會下台徐國勇附和：國民黨下台啦| 柯文哲遭判重刑| 要聞 - 聯合新聞網
[相似略過] 藍明公布台中市長選舉提名整合民調 3月底確定彰化縣長參選人確定無望 - tw.news.yahoo.com | 類似於: 藍明公布台中市長選舉提名整合民調 3月底確定彰化縣長參選人確定無望 - Yahoo新聞
[相似略過] 國民黨新竹縣長初選 徐欣瑩民調逆轉險勝落淚 - udn.com | 類似於: 國民黨新竹縣長初選 徐欣瑩民調逆轉險勝落淚 - 聯合新聞網
--------------------------------------------------
候選新聞: 10 則
重複略過: 3 則
相似略過: 7 則
新增情報: 0 則
Telegram 已推送: 0 則
資料庫: political_intel.db
本次抓到 10 則候選新聞。
[相似略過] 黃國昌指操弄司法的政黨會下台 徐國勇嗆：就是國民黨、民眾黨 - Yahoo新聞 | 類似於: 黃國昌指操弄司法的政黨會下台 徐國勇嗆：就是國民黨、民眾黨 | 政治 - Newtalk新聞
[相似略過] 國民黨痛批總統府：善意當敵意？借預算掩飾兩岸無能 - 藍雀新傳媒 | 類似於: 國民黨：總統府將善意當敵意？拿預算審議當藉口掩飾兩岸無能 - 聯合新聞網
[相似略過] 黃國昌喊「政黨操弄司法應下台」 徐國勇超級贊同：下台啦！不就是國民黨 - Yahoo新聞 | 類似於: 黃國昌喊「政黨操弄司法應下台」 徐國勇超級贊同：下台啦！不就是國民黨 - tw.news.yahoo.com
[已推送] 總統府批藍營不審預算卻訪中 國民黨：民進黨將善意視為敵意 - 上報Up Media
[相似略過] 黃國昌嗆操弄司法的政黨會下台 徐國勇附和：國民黨下台啦 - 聯合新聞網 | 類似於: 黃國昌嗆操弄司法的政黨會下台徐國勇附和：國民黨下台啦| 柯文哲遭判重刑| 要聞 - 聯合新聞網
[已推送] 國民黨新竹縣長初選揭曉！民調領先、黨員投票落後徐欣瑩勝出當場落淚| 縣市長議員選戰| 要聞 - 聯合新聞網
--------------------------------------------------
候選新聞: 10 則
重複略過: 4 則
相似略過: 4 則
新增情報: 2 則
Telegram 已推送: 2 則
資料庫: political_intel.db
本次抓到 10 則候選新聞。
[相似略過] 黃國昌指操弄司法的政黨會下台 徐國勇嗆：就是國民黨、民眾黨 - Yahoo新聞 | 類似於: 黃國昌指操弄司法的政黨會下台 徐國勇嗆：就是國民黨、民眾黨 | 政治 - Newtalk新聞
[已推送] 【總統府嗆擋軍購又急赴中 國民黨：鄭麗文的善意被視為敵意】 （圖／記者周宸亘攝、翻攝新華網） 國民黨：民進黨一遇到監督，就把一切都抹成「卡預算」。(#起啵) - facebook.com
[相似略過] 國民黨痛批總統府：善意當敵意？借預算掩飾兩岸無能 - 藍雀新傳媒 | 類似於: 國民黨：總統府將善意當敵意？拿預算審議當藉口掩飾兩岸無能 - 聯合新聞網
[相似略過] 黃國昌喊「政黨操弄司法應下台」 徐國勇超級贊同：下台啦！不就是國民黨 - Yahoo新聞 | 類似於: 黃國昌喊「政黨操弄司法應下台」 徐國勇超級贊同：下台啦！不就是國民黨 - tw.news.yahoo.com
[已推送] 黃國昌盼柯文哲擔主席擔子 綠委：政黨必須守法 - news.cts.com.tw
[相似略過] 黃國昌嗆操弄司法的政黨會下台 徐國勇附和：國民黨下台啦 - 聯合新聞網 | 類似於: 黃國昌嗆操弄司法的政黨會下台徐國勇附和：國民黨下台啦| 柯文哲遭判重刑| 要聞 - 聯合新聞網
--------------------------------------------------
候選新聞: 10 則
重複略過: 4 則
相似略過: 4 則
新增情報: 2 則
Telegram 已推送: 2 則
資料庫: political_intel.db
本次抓到 10 則候選新聞。
[相似略過] 黃國昌指操弄司法的政黨會下台 徐國勇嗆：就是國民黨、民眾黨 - Yahoo新聞 | 類似於: 黃國昌指操弄司法的政黨會下台 徐國勇嗆：就是國民黨、民眾黨 | 政治 - Newtalk新聞
[相似略過] 國民黨痛批總統府：善意當敵意？借預算掩飾兩岸無能 - 藍雀新傳媒 | 類似於: 國民黨：總統府將善意當敵意？拿預算審議當藉口掩飾兩岸無能 - 聯合新聞網
[相似略過] 黃國昌喊「政黨操弄司法應下台」 徐國勇超級贊同：下台啦！不就是國民黨 - Yahoo新聞 | 類似於: 黃國昌喊「政黨操弄司法應下台」 徐國勇超級贊同：下台啦！不就是國民黨 - tw.news.yahoo.com
[相似略過] 黃國昌嗆操弄司法的政黨會下台 徐國勇附和：國民黨下台啦 - 聯合新聞網 | 類似於: 黃國昌嗆操弄司法的政黨會下台徐國勇附和：國民黨下台啦| 柯文哲遭判重刑| 要聞 - 聯合新聞網
[相似略過] 國民黨新竹縣長初選徐欣瑩民調逆轉險勝落淚| 縣市長議員選戰| 要聞 - 聯合新聞網 | 類似於: 國民黨新竹縣長初選揭曉！民調領先、黨員投票落後徐欣瑩勝出當場落淚| 縣市長議員選戰| 要聞 - 聯合新聞網
--------------------------------------------------
候選新聞: 10 則
重複略過: 5 則
相似略過: 5 則
新增情報: 0 則
Telegram 已推送: 0 則
資料庫: political_intel.db
每日戰情報告已推送。
本次抓到 10 則候選新聞。
[相似略過] 黃國昌指操弄司法的政黨會下台 徐國勇嗆：就是國民黨、民眾黨 - Yahoo新聞 | 類似於: 黃國昌指操弄司法的政黨會下台 徐國勇嗆：就是國民黨、民眾黨 | 政治 - Newtalk新聞
[相似略過] 國民黨痛批總統府：善意當敵意？借預算掩飾兩岸無能 - 藍雀新傳媒 | 類似於: 國民黨：總統府將善意當敵意？拿預算審議當藉口掩飾兩岸無能 - 聯合新聞網
[相似略過] 黃國昌喊「政黨操弄司法應下台」 徐國勇超級贊同：下台啦！不就是國民黨 - Yahoo新聞 | 類似於: 黃國昌喊「政黨操弄司法應下台」 徐國勇超級贊同：下台啦！不就是國民黨 - tw.news.yahoo.com
[相似略過] 藍明公布台中市長選舉提名整合民調彰化縣長參選人3月底難確定| 政治焦點 - 太報 TaiSounds | 類似於: 藍明公布台中市長選舉提名整合民調 3月底確定彰化縣長參選人確定無望 - Yahoo新聞
[相似略過] 國民黨新竹縣長初選徐欣瑩民調逆轉險勝落淚| 縣市長議員選戰| 要聞 - 聯合新聞網 | 類似於: 國民黨新竹縣長初選揭曉！民調領先、黨員投票落後徐欣瑩勝出當場落淚| 縣市長議員選戰| 要聞 - 聯合新聞網
--------------------------------------------------
候選新聞: 10 則
重複略過: 5 則
相似略過: 5 則
新增情報: 0 則
Telegram 已推送: 0 則
資料庫: political_intel.db
本次抓到 10 則候選新聞。
[相似略過] 黃國昌指操弄司法的政黨會下台 徐國勇嗆：就是國民黨、民眾黨 - Yahoo新聞 | 類似於: 黃國昌指操弄司法的政黨會下台 徐國勇嗆：就是國民黨、民眾黨 | 政治 - Newtalk新聞
[相似略過] 黃國昌喊「政黨操弄司法應下台」 徐國勇超級贊同：下台啦！不就是國民黨 - Yahoo新聞 | 類似於: 黃國昌喊「政黨操弄司法應下台」 徐國勇超級贊同：下台啦！不就是國民黨 - tw.news.yahoo.com
[相似略過] 藍明公布台中市長選舉提名整合民調彰化縣長參選人3月底難確定| 政治焦點 - 太報 TaiSounds | 類似於: 藍明公布台中市長選舉提名整合民調 3月底確定彰化縣長參選人確定無望 - Yahoo新聞
[相似略過] 國民黨新竹縣長初選徐欣瑩民調逆轉險勝落淚| 縣市長議員選戰| 要聞 - 聯合新聞網 | 類似於: 國民黨新竹縣長初選揭曉！民調領先、黨員投票落後徐欣瑩勝出當場落淚| 縣市長議員選戰| 要聞 - 聯合新聞網
--------------------------------------------------
候選新聞: 10 則
重複略過: 6 則
相似略過: 4 則
新增情報: 0 則
Telegram 已推送: 0 則
資料庫: political_intel.db
本次抓到 10 則候選新聞。
[相似略過] 黃國昌指操弄司法的政黨會下台 徐國勇嗆：就是國民黨、民眾黨 - Yahoo新聞 | 類似於: 黃國昌指操弄司法的政黨會下台 徐國勇嗆：就是國民黨、民眾黨 | 政治 - Newtalk新聞
[相似略過] 總統府批藍營不審預算卻訪中 國民黨：民進黨將善意視為敵意 - upmedia.mg | 類似於: 總統府批藍營不審預算卻訪中 國民黨：民進黨將善意視為敵意 - 上報Up Media
[相似略過] 黃國昌喊「政黨操弄司法應下台」 徐國勇超級贊同：下台啦！不就是國民黨 - Yahoo新聞 | 類似於: 黃國昌喊「政黨操弄司法應下台」 徐國勇超級贊同：下台啦！不就是國民黨 - tw.news.yahoo.com
[相似略過] 藍明公布台中市長選舉提名整合民調彰化縣長參選人3月底難確定| 政治焦點 - 太報 TaiSounds | 類似於: 藍明公布台中市長選舉提名整合民調 3月底確定彰化縣長參選人確定無望 - Yahoo新聞
[相似略過] 國民黨新竹縣長初選徐欣瑩民調逆轉險勝落淚| 縣市長議員選戰| 要聞 - 聯合新聞網 | 類似於: 國民黨新竹縣長初選揭曉！民調領先、黨員投票落後徐欣瑩勝出當場落淚| 縣市長議員選戰| 要聞 - 聯合新聞網
--------------------------------------------------
候選新聞: 10 則
重複略過: 5 則
相似略過: 5 則
新增情報: 0 則
Telegram 已推送: 0 則
資料庫: political_intel.db
本次抓到 10 則候選新聞。
[相似略過] 黃國昌指操弄司法的政黨會下台 徐國勇嗆：就是國民黨、民眾黨 - Yahoo新聞 | 類似於: 黃國昌指操弄司法的政黨會下台 徐國勇嗆：就是國民黨、民眾黨 | 政治 - Newtalk新聞
[相似略過] 黃國昌盼柯文哲擔主席擔子 綠委：政黨必須守法 - 華視新聞網 | 類似於: 黃國昌盼柯文哲擔主席擔子 綠委：政黨必須守法 - news.cts.com.tw
[相似略過] 黃國昌喊「政黨操弄司法應下台」 徐國勇超級贊同：下台啦！不就是國民黨 - Yahoo新聞 | 類似於: 黃國昌喊「政黨操弄司法應下台」 徐國勇超級贊同：下台啦！不就是國民黨 - tw.news.yahoo.com
[相似略過] 總統府批藍營不審預算卻訪中 國民黨：民進黨將善意視為敵意 - upmedia.mg | 類似於: 總統府批藍營不審預算卻訪中 國民黨：民進黨將善意視為敵意 - 上報Up Media
[相似略過] 藍明公布台中市長選舉提名整合民調彰化縣長參選人3月底難確定| 政治焦點 - 太報 TaiSounds | 類似於: 藍明公布台中市長選舉提名整合民調 3月底確定彰化縣長參選人確定無望 - Yahoo新聞
[相似略過] 國民黨新竹縣長初選徐欣瑩民調逆轉險勝落淚| 縣市長議員選戰| 要聞 - 聯合新聞網 | 類似於: 國民黨新竹縣長初選揭曉！民調領先、黨員投票落後徐欣瑩勝出當場落淚| 縣市長議員選戰| 要聞 - 聯合新聞網
--------------------------------------------------
候選新聞: 10 則
重複略過: 4 則
相似略過: 6 則
新增情報: 0 則
Telegram 已推送: 0 則
資料庫: political_intel.db
本次抓到 10 則候選新聞。
[相似略過] 黃國昌指操弄司法的政黨會下台 徐國勇嗆：就是國民黨、民眾黨 - Yahoo新聞 | 類似於: 黃國昌指操弄司法的政黨會下台 徐國勇嗆：就是國民黨、民眾黨 | 政治 - Newtalk新聞
[相似略過] 國民黨：總統府將善意當敵意？拿預算審議當藉口掩飾兩岸無能 - udn.com | 類似於: 國民黨：總統府將善意當敵意？拿預算審議當藉口掩飾兩岸無能 - 聯合新聞網
[相似略過] 黃國昌盼柯文哲擔主席擔子 綠委：政黨必須守法 - 華視新聞網 | 類似於: 黃國昌盼柯文哲擔主席擔子 綠委：政黨必須守法 - news.cts.com.tw
[相似略過] 黃國昌喊「政黨操弄司法應下台」 徐國勇超級贊同：下台啦！不就是國民黨 - Yahoo新聞 | 類似於: 黃國昌喊「政黨操弄司法應下台」 徐國勇超級贊同：下台啦！不就是國民黨 - tw.news.yahoo.com
[相似略過] 總統府批藍營不審預算卻訪中 國民黨：民進黨將善意視為敵意 - upmedia.mg | 類似於: 總統府批藍營不審預算卻訪中 國民黨：民進黨將善意視為敵意 - 上報Up Media
[相似略過] 藍明公布台中市長選舉提名整合民調彰化縣長參選人3月底難確定| 政治焦點 - 太報 TaiSounds | 類似於: 藍明公布台中市長選舉提名整合民調 3月底確定彰化縣長參選人確定無望 - Yahoo新聞
[相似略過] 國民黨新竹縣長初選 徐欣瑩民調逆轉險勝落淚 - udn.com | 類似於: 國民黨新竹縣長初選 徐欣瑩民調逆轉險勝落淚 - 聯合新聞網
[相似略過] 國民黨新竹縣長初選揭曉！民調領先、黨員投票落後徐欣瑩勝出當場落淚| 縣市長議員選戰| 要聞 - udn.com | 類似於: 國民黨新竹縣長初選揭曉！民調領先、黨員投票落後徐欣瑩勝出當場落淚| 縣市長議員選戰| 要聞 - 聯合新聞網
--------------------------------------------------
候選新聞: 10 則
重複略過: 2 則
相似略過: 8 則
新增情報: 0 則
Telegram 已推送: 0 則
資料庫: political_intel.db
本次抓到 10 則候選新聞。
[相似略過] 黃國昌指操弄司法的政黨會下台 徐國勇嗆：就是國民黨、民眾黨 - Yahoo新聞 | 類似於: 黃國昌指操弄司法的政黨會下台 徐國勇嗆：就是國民黨、民眾黨 | 政治 - Newtalk新聞
[相似略過] 【總統府嗆擋軍購又急赴中 國民黨：鄭麗文的善意被視為敵意】 （圖／記者周宸亘攝、翻攝新華網） 國民黨：民進黨一遇到監督，就把一切都抹成「卡預算」。(#起啵) - Facebook | 類似於: 【總統府嗆擋軍購又急赴中 國民黨：鄭麗文的善意被視為敵意】 （圖／記者周宸亘攝、翻攝新華網） 國民黨：民進黨一遇到監督，就把一切都抹成「卡預算」。(#起啵) - facebook.com
[相似略過] 黃國昌盼柯文哲擔主席擔子 綠委：政黨必須守法 - 華視新聞網 | 類似於: 黃國昌盼柯文哲擔主席擔子 綠委：政黨必須守法 - news.cts.com.tw
[相似略過] 國民黨痛批總統府：善意當敵意？借預算掩飾兩岸無能 - taiwanmagpie.com | 類似於: 國民黨：總統府將善意當敵意？拿預算審議當藉口掩飾兩岸無能 - 聯合新聞網
[相似略過] 黃國昌喊「政黨操弄司法應下台」 徐國勇超級贊同：下台啦！不就是國民黨 - Yahoo新聞 | 類似於: 黃國昌喊「政黨操弄司法應下台」 徐國勇超級贊同：下台啦！不就是國民黨 - tw.news.yahoo.com
[相似略過] 總統府批藍營不審預算卻訪中 國民黨：民進黨將善意視為敵意 - upmedia.mg | 類似於: 總統府批藍營不審預算卻訪中 國民黨：民進黨將善意視為敵意 - 上報Up Media
[相似略過] 藍明公布台中市長選舉提名整合民調彰化縣長參選人3月底難確定| 政治焦點 - 太報 TaiSounds | 類似於: 藍明公布台中市長選舉提名整合民調 3月底確定彰化縣長參選人確定無望 - Yahoo新聞
--------------------------------------------------
候選新聞: 10 則
重複略過: 3 則
相似略過: 7 則
新增情報: 0 則
Telegram 已推送: 0 則
資料庫: political_intel.db
本次抓到 10 則候選新聞。
[相似略過] 黃國昌指操弄司法的政黨會下台 徐國勇嗆：就是國民黨、民眾黨 - Yahoo新聞 | 類似於: 黃國昌指操弄司法的政黨會下台 徐國勇嗆：就是國民黨、民眾黨 | 政治 - Newtalk新聞
[相似略過] 黃國昌盼柯文哲擔主席擔子 綠委：政黨必須守法 - 華視新聞網 | 類似於: 黃國昌盼柯文哲擔主席擔子 綠委：政黨必須守法 - news.cts.com.tw
[相似略過] 黃國昌喊「政黨操弄司法應下台」 徐國勇超級贊同：下台啦！不就是國民黨 - Yahoo新聞 | 類似於: 黃國昌喊「政黨操弄司法應下台」 徐國勇超級贊同：下台啦！不就是國民黨 - tw.news.yahoo.com
[相似略過] 總統府批藍營不審預算卻訪中 國民黨：民進黨將善意視為敵意 - upmedia.mg | 類似於: 總統府批藍營不審預算卻訪中 國民黨：民進黨將善意視為敵意 - 上報Up Media
[相似略過] 藍明公布台中市長選舉提名整合民調彰化縣長參選人3月底難確定| 政治焦點 - 太報 TaiSounds | 類似於: 藍明公布台中市長選舉提名整合民調 3月底確定彰化縣長參選人確定無望 - Yahoo新聞
--------------------------------------------------
候選新聞: 10 則
重複略過: 5 則
相似略過: 5 則
新增情報: 0 則
Telegram 已推送: 0 則
資料庫: political_intel.db
本次抓到 10 則候選新聞。
[相似略過] 黃國昌指操弄司法的政黨會下台 徐國勇嗆：就是國民黨、民眾黨 - Yahoo新聞 | 類似於: 黃國昌指操弄司法的政黨會下台 徐國勇嗆：就是國民黨、民眾黨 | 政治 - Newtalk新聞
[相似略過] 【總統府嗆擋軍購又急赴中 國民黨：鄭麗文的善意被視為敵意】 （圖／記者周宸亘攝、翻攝新華網） 國民黨：民進黨一遇到監督，就把一切都抹成「卡預算」。(#起啵) - Facebook | 類似於: 【總統府嗆擋軍購又急赴中 國民黨：鄭麗文的善意被視為敵意】 （圖／記者周宸亘攝、翻攝新華網） 國民黨：民進黨一遇到監督，就把一切都抹成「卡預算」。(#起啵) - facebook.com
[相似略過] 黃國昌盼柯文哲擔主席擔子 綠委：政黨必須守法 - 華視新聞網 | 類似於: 黃國昌盼柯文哲擔主席擔子 綠委：政黨必須守法 - news.cts.com.tw
[相似略過] 國民黨痛批總統府：善意當敵意？借預算掩飾兩岸無能 - taiwanmagpie.com | 類似於: 國民黨：總統府將善意當敵意？拿預算審議當藉口掩飾兩岸無能 - 聯合新聞網
[相似略過] 藍明公布台中市長選舉提名整合民調彰化縣長參選人3月底難確定| 政治焦點 - 太報 TaiSounds | 類似於: 藍明公布台中市長選舉提名整合民調 3月底確定彰化縣長參選人確定無望 - Yahoo新聞
--------------------------------------------------
候選新聞: 10 則
重複略過: 5 則
相似略過: 5 則
新增情報: 0 則
Telegram 已推送: 0 則
資料庫: political_intel.db
本次抓到 10 則候選新聞。
[相似略過] 黃國昌指操弄司法的政黨會下台 徐國勇嗆：就是國民黨、民眾黨 - Yahoo新聞 | 類似於: 黃國昌指操弄司法的政黨會下台 徐國勇嗆：就是國民黨、民眾黨 | 政治 - Newtalk新聞
[相似略過] 【總統府嗆擋軍購又急赴中 國民黨：鄭麗文的善意被視為敵意】 （圖／記者周宸亘攝、翻攝新華網） 國民黨：民進黨一遇到監督，就把一切都抹成「卡預算」。(#起啵) - Facebook | 類似於: 【總統府嗆擋軍購又急赴中 國民黨：鄭麗文的善意被視為敵意】 （圖／記者周宸亘攝、翻攝新華網） 國民黨：民進黨一遇到監督，就把一切都抹成「卡預算」。(#起啵) - facebook.com
[相似略過] 黃國昌盼柯文哲擔主席擔子 綠委：政黨必須守法 - 華視新聞網 | 類似於: 黃國昌盼柯文哲擔主席擔子 綠委：政黨必須守法 - news.cts.com.tw
[相似略過] 藍明公布台中市長選舉提名整合民調彰化縣長參選人3月底難確定| 政治焦點 - 太報 TaiSounds | 類似於: 藍明公布台中市長選舉提名整合民調 3月底確定彰化縣長參選人確定無望 - Yahoo新聞
[已推送] 陳其邁滿意度逾83％ 民調：各年齡、政黨均支持 - 大紀元
--------------------------------------------------
候選新聞: 10 則
重複略過: 5 則
相似略過: 4 則
新增情報: 1 則
Telegram 已推送: 1 則
資料庫: political_intel.db
本次抓到 10 則候選新聞。
[相似略過] 黃國昌指操弄司法的政黨會下台 徐國勇嗆：就是國民黨、民眾黨 - Yahoo新聞 | 類似於: 黃國昌指操弄司法的政黨會下台 徐國勇嗆：就是國民黨、民眾黨 | 政治 - Newtalk新聞
[相似略過] 黃國昌盼柯文哲擔主席擔子 綠委：政黨必須守法 - 華視新聞網 | 類似於: 黃國昌盼柯文哲擔主席擔子 綠委：政黨必須守法 - news.cts.com.tw
[相似略過] 藍明公布台中市長選舉提名整合民調彰化縣長參選人3月底難確定| 政治焦點 - 太報 TaiSounds | 類似於: 藍明公布台中市長選舉提名整合民調 3月底確定彰化縣長參選人確定無望 - Yahoo新聞
--------------------------------------------------
候選新聞: 10 則
重複略過: 7 則
相似略過: 3 則
新增情報: 0 則
Telegram 已推送: 0 則
資料庫: political_intel.db
本次抓到 10 則候選新聞。
[相似略過] 黃國昌指操弄司法的政黨會下台 徐國勇嗆：就是國民黨、民眾黨 - Yahoo新聞 | 類似於: 黃國昌指操弄司法的政黨會下台 徐國勇嗆：就是國民黨、民眾黨 | 政治 - Newtalk新聞
[相似略過] 黃國昌盼柯文哲擔主席擔子 綠委：政黨必須守法 - Yahoo新聞 | 類似於: 黃國昌盼柯文哲擔主席擔子 綠委：政黨必須守法 - news.cts.com.tw
[相似略過] 藍明公布台中市長選舉提名整合民調彰化縣長參選人3月底難確定| 政治焦點 - 太報 TaiSounds | 類似於: 藍明公布台中市長選舉提名整合民調 3月底確定彰化縣長參選人確定無望 - Yahoo新聞
[已推送] 國民黨新竹縣長初選結果出爐 徐欣瑩靠民調領先驚險勝出 - Yahoo新聞
--------------------------------------------------
候選新聞: 10 則
重複略過: 6 則
相似略過: 3 則
新增情報: 1 則
Telegram 已推送: 1 則
資料庫: political_intel.db
本次抓到 10 則候選新聞。
[相似略過] 黃國昌指操弄司法的政黨會下台 徐國勇嗆：就是國民黨、民眾黨 - Yahoo新聞 | 類似於: 黃國昌指操弄司法的政黨會下台 徐國勇嗆：就是國民黨、民眾黨 | 政治 - Newtalk新聞
[相似略過] 黃國昌盼柯文哲擔主席擔子 綠委：政黨必須守法 - Yahoo新聞 | 類似於: 黃國昌盼柯文哲擔主席擔子 綠委：政黨必須守法 - news.cts.com.tw
[相似略過] 藍明公布台中市長選舉提名整合民調彰化縣長參選人3月底難確定| 政治焦點 - 太報 TaiSounds | 類似於: 藍明公布台中市長選舉提名整合民調 3月底確定彰化縣長參選人確定無望 - Yahoo新聞
--------------------------------------------------
候選新聞: 10 則
重複略過: 7 則
相似略過: 3 則
新增情報: 0 則
Telegram 已推送: 0 則
資料庫: political_intel.db
本次抓到 10 則候選新聞。
[相似略過] 黃國昌指操弄司法的政黨會下台 徐國勇嗆：就是國民黨、民眾黨 - Yahoo新聞 | 類似於: 黃國昌指操弄司法的政黨會下台 徐國勇嗆：就是國民黨、民眾黨 | 政治 - Newtalk新聞
[相似略過] 黃國昌盼柯文哲擔主席擔子 綠委：政黨必須守法 - Yahoo新聞 | 類似於: 黃國昌盼柯文哲擔主席擔子 綠委：政黨必須守法 - news.cts.com.tw
[相似略過] 藍明公布台中市長選舉提名整合民調 彰化縣長參選人3月底難確定 - Yahoo新聞 | 類似於: 藍明公布台中市長選舉提名整合民調 3月底確定彰化縣長參選人確定無望 - Yahoo新聞
[相似略過] 藍明公布台中市長選舉提名整合民調彰化縣長參選人3月底難確定| 政治焦點 - 太報 TaiSounds | 類似於: 藍明公布台中市長選舉提名整合民調 3月底確定彰化縣長參選人確定無望 - Yahoo新聞
--------------------------------------------------
候選新聞: 10 則
重複略過: 6 則
相似略過: 4 則
新增情報: 0 則
Telegram 已推送: 0 則
資料庫: political_intel.db
本次抓到 10 則候選新聞。
[相似略過] 黃國昌指操弄司法的政黨會下台 徐國勇嗆：就是國民黨、民眾黨 - Yahoo新聞 | 類似於: 黃國昌指操弄司法的政黨會下台 徐國勇嗆：就是國民黨、民眾黨 | 政治 - Newtalk新聞
[相似略過] 黃國昌盼柯文哲擔主席擔子 綠委：政黨必須守法 - Yahoo新聞 | 類似於: 黃國昌盼柯文哲擔主席擔子 綠委：政黨必須守法 - news.cts.com.tw
[相似略過] 藍明公布台中市長選舉提名整合民調 彰化縣長參選人3月底難確定 - Yahoo新聞 | 類似於: 藍明公布台中市長選舉提名整合民調 3月底確定彰化縣長參選人確定無望 - Yahoo新聞
[相似略過] 藍明公布台中市長選舉提名整合民調彰化縣長參選人3月底難確定| 政治焦點 - 太報 TaiSounds | 類似於: 藍明公布台中市長選舉提名整合民調 3月底確定彰化縣長參選人確定無望 - Yahoo新聞
--------------------------------------------------
候選新聞: 10 則
重複略過: 6 則
相似略過: 4 則
新增情報: 0 則
Telegram 已推送: 0 則
資料庫: political_intel.db
本次抓到 10 則候選新聞。
[相似略過] 黃國昌指操弄司法的政黨會下台 徐國勇嗆：就是國民黨、民眾黨 - Yahoo新聞 | 類似於: 黃國昌指操弄司法的政黨會下台 徐國勇嗆：就是國民黨、民眾黨 | 政治 - Newtalk新聞
[相似略過] 黃國昌盼柯文哲擔主席擔子 綠委：政黨必須守法 - Yahoo新聞 | 類似於: 黃國昌盼柯文哲擔主席擔子 綠委：政黨必須守法 - news.cts.com.tw
[相似略過] 藍明公布台中市長選舉提名整合民調 彰化縣長參選人3月底難確定 - Yahoo新聞 | 類似於: 藍明公布台中市長選舉提名整合民調 3月底確定彰化縣長參選人確定無望 - Yahoo新聞
[相似略過] 藍明公布台中市長選舉提名整合民調彰化縣長參選人3月底難確定| 政治焦點 - taisounds.com | 類似於: 藍明公布台中市長選舉提名整合民調 3月底確定彰化縣長參選人確定無望 - Yahoo新聞
--------------------------------------------------
候選新聞: 10 則
重複略過: 6 則
相似略過: 4 則
新增情報: 0 則
Telegram 已推送: 0 則
資料庫: political_intel.db
本次抓到 10 則候選新聞。
[相似略過] 黃國昌指操弄司法的政黨會下台 徐國勇嗆：就是國民黨、民眾黨 - Yahoo新聞 | 類似於: 黃國昌指操弄司法的政黨會下台 徐國勇嗆：就是國民黨、民眾黨 | 政治 - Newtalk新聞
[相似略過] 黃國昌盼柯文哲擔主席擔子 綠委：政黨必須守法 - Yahoo新聞 | 類似於: 黃國昌盼柯文哲擔主席擔子 綠委：政黨必須守法 - news.cts.com.tw
[相似略過] 藍明公布台中市長選舉提名整合民調彰化縣長參選人3月底難確定| 政治焦點 - taisounds.com | 類似於: 藍明公布台中市長選舉提名整合民調 3月底確定彰化縣長參選人確定無望 - Yahoo新聞
--------------------------------------------------
候選新聞: 10 則
重複略過: 7 則
相似略過: 3 則
新增情報: 0 則
Telegram 已推送: 0 則
資料庫: political_intel.db
本次抓到 10 則候選新聞。
[相似略過] 黃國昌指操弄司法的政黨會下台 徐國勇嗆：就是國民黨、民眾黨 - Yahoo新聞 | 類似於: 黃國昌指操弄司法的政黨會下台 徐國勇嗆：就是國民黨、民眾黨 | 政治 - Newtalk新聞
[相似略過] 黃國昌盼柯文哲擔主席擔子 綠委：政黨必須守法 - Yahoo新聞 | 類似於: 黃國昌盼柯文哲擔主席擔子 綠委：政黨必須守法 - news.cts.com.tw
[相似略過] 藍明公布台中市長選舉提名整合民調彰化縣長參選人3月底難確定| 政治焦點 - 太報 TaiSounds | 類似於: 藍明公布台中市長選舉提名整合民調 3月底確定彰化縣長參選人確定無望 - Yahoo新聞
--------------------------------------------------
候選新聞: 10 則
重複略過: 7 則
相似略過: 3 則
新增情報: 0 則
Telegram 已推送: 0 則
資料庫: political_intel.db
本次抓到 10 則候選新聞。
[相似略過] 黃國昌指操弄司法的政黨會下台 徐國勇嗆：就是國民黨、民眾黨 - Yahoo新聞 | 類似於: 黃國昌指操弄司法的政黨會下台 徐國勇嗆：就是國民黨、民眾黨 | 政治 - Newtalk新聞
[相似略過] 黃國昌盼柯文哲擔主席擔子 綠委：政黨必須守法 - Yahoo新聞 | 類似於: 黃國昌盼柯文哲擔主席擔子 綠委：政黨必須守法 - news.cts.com.tw
[相似略過] 藍明公布台中市長選舉提名整合民調彰化縣長參選人3月底難確定| 政治焦點 - 太報 TaiSounds | 類似於: 藍明公布台中市長選舉提名整合民調 3月底確定彰化縣長參選人確定無望 - Yahoo新聞
--------------------------------------------------
候選新聞: 10 則
重複略過: 7 則
相似略過: 3 則
新增情報: 0 則
Telegram 已推送: 0 則
資料庫: political_intel.db
本次抓到 10 則候選新聞。
[相似略過] 黃國昌指操弄司法的政黨會下台 徐國勇嗆：就是國民黨、民眾黨 - Yahoo新聞 | 類似於: 黃國昌指操弄司法的政黨會下台 徐國勇嗆：就是國民黨、民眾黨 | 政治 - Newtalk新聞
[相似略過] 黃國昌盼柯文哲擔主席擔子 綠委：政黨必須守法 - Yahoo新聞 | 類似於: 黃國昌盼柯文哲擔主席擔子 綠委：政黨必須守法 - news.cts.com.tw
[相似略過] 藍明公布台中市長選舉提名整合民調彰化縣長參選人3月底難確定| 政治焦點 - taisounds.com | 類似於: 藍明公布台中市長選舉提名整合民調 3月底確定彰化縣長參選人確定無望 - Yahoo新聞
--------------------------------------------------
候選新聞: 10 則
重複略過: 7 則
相似略過: 3 則
新增情報: 0 則
Telegram 已推送: 0 則
資料庫: political_intel.db
本次抓到 10 則候選新聞。
[相似略過] 黃國昌指操弄司法的政黨會下台 徐國勇嗆：就是國民黨、民眾黨 - Yahoo新聞 | 類似於: 黃國昌指操弄司法的政黨會下台 徐國勇嗆：就是國民黨、民眾黨 | 政治 - Newtalk新聞
[相似略過] 黃國昌盼柯文哲擔主席擔子 綠委：政黨必須守法 - Yahoo新聞 | 類似於: 黃國昌盼柯文哲擔主席擔子 綠委：政黨必須守法 - news.cts.com.tw
[相似略過] 藍明公布台中市長選舉提名整合民調彰化縣長參選人3月底難確定| 政治焦點 - taisounds.com | 類似於: 藍明公布台中市長選舉提名整合民調 3月底確定彰化縣長參選人確定無望 - Yahoo新聞
--------------------------------------------------
候選新聞: 10 則
重複略過: 7 則
相似略過: 3 則
新增情報: 0 則
Telegram 已推送: 0 則
資料庫: political_intel.db
本次抓到 10 則候選新聞。
[相似略過] 黃國昌盼柯文哲擔主席擔子 綠委：政黨必須守法 - Yahoo新聞 | 類似於: 黃國昌盼柯文哲擔主席擔子 綠委：政黨必須守法 - news.cts.com.tw
[相似略過] 藍明公布台中市長選舉提名整合民調彰化縣長參選人3月底難確定| 政治焦點 - 太報 TaiSounds | 類似於: 藍明公布台中市長選舉提名整合民調 3月底確定彰化縣長參選人確定無望 - Yahoo新聞
[已推送] 快新聞／藍營台中「姊弟之爭」會順利落幕？國民黨：明天上午公布初選民調結果 - 民視新聞網
--------------------------------------------------
候選新聞: 10 則
重複略過: 7 則
相似略過: 2 則
新增情報: 1 則
Telegram 已推送: 1 則
資料庫: political_intel.db
本次抓到 10 則候選新聞。
[相似略過] 黃國昌指操弄司法的政黨會下台 徐國勇嗆：就是國民黨、民眾黨 - Yahoo新聞 | 類似於: 黃國昌指操弄司法的政黨會下台 徐國勇嗆：就是國民黨、民眾黨 | 政治 - Newtalk新聞
[相似略過] 黃國昌盼柯文哲擔主席擔子 綠委：政黨必須守法 - Yahoo新聞 | 類似於: 黃國昌盼柯文哲擔主席擔子 綠委：政黨必須守法 - news.cts.com.tw
[相似略過] 藍明公布台中市長選舉提名整合民調彰化縣長參選人3月底難確定| 政治焦點 - 太報 TaiSounds | 類似於: 藍明公布台中市長選舉提名整合民調 3月底確定彰化縣長參選人確定無望 - Yahoo新聞
--------------------------------------------------
候選新聞: 10 則
重複略過: 7 則
相似略過: 3 則
新增情報: 0 則
Telegram 已推送: 0 則
資料庫: political_intel.db
本次抓到 10 則候選新聞。
[相似略過] 黃國昌盼柯文哲擔主席擔子 綠委：政黨必須守法 - Yahoo新聞 | 類似於: 黃國昌盼柯文哲擔主席擔子 綠委：政黨必須守法 - news.cts.com.tw
[相似略過] 藍明公布台中市長選舉提名整合民調彰化縣長參選人3月底難確定| 政治焦點 - 太報 TaiSounds | 類似於: 藍明公布台中市長選舉提名整合民調 3月底確定彰化縣長參選人確定無望 - Yahoo新聞
[已推送] 國民黨台中市長提名終局之戰 她曝民調就在今晚 - 聯合新聞網
--------------------------------------------------
候選新聞: 10 則
重複略過: 7 則
相似略過: 2 則
新增情報: 1 則
Telegram 已推送: 1 則
資料庫: political_intel.db
本次抓到 10 則候選新聞。
[相似略過] 黃國昌盼柯文哲擔主席擔子 綠委：政黨必須守法 - Yahoo新聞 | 類似於: 黃國昌盼柯文哲擔主席擔子 綠委：政黨必須守法 - news.cts.com.tw
[相似略過] 藍明公布台中市長選舉提名整合民調彰化縣長參選人3月底難確定| 政治焦點 - 太報 TaiSounds | 類似於: 藍明公布台中市長選舉提名整合民調 3月底確定彰化縣長參選人確定無望 - Yahoo新聞
[已推送] 國民黨台中市長初選民調未啟動 基層預測新竹縣結束後進行 - 自由時報
--------------------------------------------------
候選新聞: 10 則
重複略過: 7 則
相似略過: 2 則
新增情報: 1 則
Telegram 已推送: 1 則
資料庫: political_intel.db
本次抓到 10 則候選新聞。
[相似略過] 黃國昌盼柯文哲擔主席擔子 綠委：政黨必須守法 - Yahoo新聞 | 類似於: 黃國昌盼柯文哲擔主席擔子 綠委：政黨必須守法 - news.cts.com.tw
[相似略過] 藍明公布台中市長選舉提名整合民調彰化縣長參選人3月底難確定| 政治焦點 - 太報 TaiSounds | 類似於: 藍明公布台中市長選舉提名整合民調 3月底確定彰化縣長參選人確定無望 - Yahoo新聞
--------------------------------------------------
候選新聞: 10 則
重複略過: 8 則
相似略過: 2 則
新增情報: 0 則
Telegram 已推送: 0 則
資料庫: political_intel.db
本次抓到 10 則候選新聞。
[相似略過] 黃國昌盼柯文哲擔主席擔子 綠委：政黨必須守法 - Yahoo新聞 | 類似於: 黃國昌盼柯文哲擔主席擔子 綠委：政黨必須守法 - news.cts.com.tw
[已推送] 「拿預算審議當藉口掩飾兩岸無能」　國民黨：總統府將善意視為敵意？ | 政治 | CTWANT - CTWANT
[已推送] 台中「姐弟之爭」初選民調將出爐　盧秀燕掛保證：絕無人出走 - 鏡新聞
[相似略過] 藍明公布台中市長選舉提名整合民調彰化縣長參選人3月底難確定| 政治焦點 - 太報 TaiSounds | 類似於: 藍明公布台中市長選舉提名整合民調 3月底確定彰化縣長參選人確定無望 - Yahoo新聞
--------------------------------------------------
候選新聞: 10 則
重複略過: 6 則
相似略過: 2 則
新增情報: 2 則
Telegram 已推送: 2 則
資料庫: political_intel.db
本次抓到 10 則候選新聞。
[已推送] 鄭麗文將訪陸！總統府質疑不審預算 國民黨：暴露民進黨兩岸無力 - zmedia.com.tw
[相似略過] 「拿預算審議當藉口掩飾兩岸無能」 國民黨：總統府將善意視為敵意？ - Yahoo新聞 | 類似於: 「拿預算審議當藉口掩飾兩岸無能」　國民黨：總統府將善意視為敵意？ | 政治 | CTWANT - CTWANT
[相似略過] 黃國昌盼柯文哲擔主席擔子 綠委：政黨必須守法 - Yahoo新聞 | 類似於: 黃國昌盼柯文哲擔主席擔子 綠委：政黨必須守法 - news.cts.com.tw
[已推送] 國民黨台中市長初選民調今上午揭曉 江啟臣、楊瓊瓔各自發聲 - 自由時報
[相似略過] 藍明公布台中市長選舉提名整合民調彰化縣長參選人3月底難確定| 政治焦點 - 太報 TaiSounds | 類似於: 藍明公布台中市長選舉提名整合民調 3月底確定彰化縣長參選人確定無望 - Yahoo新聞
--------------------------------------------------
候選新聞: 10 則
重複略過: 5 則
相似略過: 3 則
新增情報: 2 則
Telegram 已推送: 2 則
資料庫: political_intel.db
本次抓到 10 則候選新聞。
[相似略過] 「拿預算審議當藉口掩飾兩岸無能」 國民黨：總統府將善意視為敵意？ - Yahoo新聞 | 類似於: 「拿預算審議當藉口掩飾兩岸無能」　國民黨：總統府將善意視為敵意？ | 政治 | CTWANT - CTWANT
[已推送] 柯文哲判刑後2028總統大選怎麼看？專家：賴清德連任策略變簡單了 - 三立新聞網SETN.com
[相似略過] 黃國昌盼柯文哲擔主席擔子 綠委：政黨必須守法 - Yahoo新聞 | 類似於: 黃國昌盼柯文哲擔主席擔子 綠委：政黨必須守法 - news.cts.com.tw
[已推送] 台中市長選舉國民黨整合民調江啟臣勝出楊瓊瓔：用30年在地方服務能量助選| 政治焦點 - 太報 TaiSounds
[相似略過] 藍明公布台中市長選舉提名整合民調彰化縣長參選人3月底難確定| 政治焦點 - 太報 TaiSounds | 類似於: 藍明公布台中市長選舉提名整合民調 3月底確定彰化縣長參選人確定無望 - Yahoo新聞
--------------------------------------------------
候選新聞: 10 則
重複略過: 5 則
相似略過: 3 則
新增情報: 2 則
Telegram 已推送: 2 則
資料庫: political_intel.db
本次抓到 10 則候選新聞。
[已推送] 國民黨台中市初選內參民調不公開　江啟臣勝楊瓊瓔獲提名權 | 政治 | CTWANT - ctwant.com
[相似略過] 「拿預算審議當藉口掩飾兩岸無能」 國民黨：總統府將善意視為敵意？ - Yahoo新聞 | 類似於: 「拿預算審議當藉口掩飾兩岸無能」　國民黨：總統府將善意視為敵意？ | 政治 | CTWANT - CTWANT
[相似略過] 黃國昌盼柯文哲擔主席擔子 綠委：政黨必須守法 - Yahoo新聞 | 類似於: 黃國昌盼柯文哲擔主席擔子 綠委：政黨必須守法 - news.cts.com.tw
[已推送] 國民黨台中市長初選揭曉 對決資深立委 立院副院長江啟臣勝出 - 壹蘋新聞網
--------------------------------------------------
候選新聞: 10 則
重複略過: 6 則
相似略過: 2 則
新增情報: 2 則
Telegram 已推送: 2 則
資料庫: political_intel.db
本次抓到 10 則候選新聞。
[已推送] 政黨外交成果豐碩！吳奕柔代表民進黨當選「亞洲自由民主聯盟」青年主席 - dpp.org.tw
[相似略過] 「拿預算審議當藉口掩飾兩岸無能」 國民黨：總統府將善意視為敵意？ - Yahoo新聞 | 類似於: 「拿預算審議當藉口掩飾兩岸無能」　國民黨：總統府將善意視為敵意？ | 政治 | CTWANT - CTWANT
[相似略過] 黃國昌盼柯文哲擔主席擔子 綠委：政黨必須守法 - Yahoo新聞 | 類似於: 黃國昌盼柯文哲擔主席擔子 綠委：政黨必須守法 - news.cts.com.tw
[已推送] 國民黨台中市長初選江啟臣出線 內參民調結果不公布 - news.pts.org.tw
--------------------------------------------------
候選新聞: 10 則
重複略過: 6 則
相似略過: 2 則
新增情報: 2 則
Telegram 已推送: 2 則
資料庫: political_intel.db
本次抓到 10 則候選新聞。
[已推送] 民進黨政黨外交有成！賴清德親推薦　吳奕柔當選CALD青年主席成台灣首位 - 三立新聞網SETN.com
[已推送] 國民黨桃園議員這3區辦初選搶提名 4月中旬起民調決勝負 - 桃園電子報
[相似略過] 「拿預算審議當藉口掩飾兩岸無能」 國民黨：總統府將善意視為敵意？ - Yahoo新聞 | 類似於: 「拿預算審議當藉口掩飾兩岸無能」　國民黨：總統府將善意視為敵意？ | 政治 | CTWANT - CTWANT
[相似略過] 黃國昌盼柯文哲擔主席擔子 綠委：政黨必須守法 - Yahoo新聞 | 類似於: 黃國昌盼柯文哲擔主席擔子 綠委：政黨必須守法 - news.cts.com.tw
--------------------------------------------------
候選新聞: 10 則
重複略過: 6 則
相似略過: 2 則
新增情報: 2 則
Telegram 已推送: 2 則
資料庫: political_intel.db
本次抓到 10 則候選新聞。
[相似略過] 「拿預算審議當藉口掩飾兩岸無能」 國民黨：總統府將善意視為敵意？ - Yahoo新聞 | 類似於: 「拿預算審議當藉口掩飾兩岸無能」　國民黨：總統府將善意視為敵意？ | 政治 | CTWANT - CTWANT
[相似略過] 黃國昌盼柯文哲擔主席擔子 綠委：政黨必須守法 - Yahoo新聞 | 類似於: 黃國昌盼柯文哲擔主席擔子 綠委：政黨必須守法 - news.cts.com.tw
[相似略過] 國民黨台中市長初選揭曉 對決資深立委 立院副院長江啟臣勝出 - news.nextapple.com | 類似於: 國民黨台中市長初選揭曉 對決資深立委 立院副院長江啟臣勝出 - 壹蘋新聞網
--------------------------------------------------
候選新聞: 10 則
重複略過: 7 則
相似略過: 3 則
新增情報: 0 則
Telegram 已推送: 0 則
資料庫: political_intel.db
本次抓到 10 則候選新聞。
[相似略過] 國民黨桃園議員這3區辦初選搶提名4月中旬起民調決勝負| 縣市長議員選戰| 要聞 - 聯合新聞網 | 類似於: 國民黨桃園議員這3區辦初選搶提名 4月中旬起民調決勝負 - 桃園電子報
[相似略過] 「拿預算審議當藉口掩飾兩岸無能」 國民黨：總統府將善意視為敵意？ - Yahoo新聞 | 類似於: 「拿預算審議當藉口掩飾兩岸無能」　國民黨：總統府將善意視為敵意？ | 政治 | CTWANT - CTWANT
[已推送] 蔣萬安路線比拚賴總統新政 托盟曝成功育兒政策改革關鍵 政府該做1事 - 聯合新聞網
[相似略過] 黃國昌盼柯文哲擔主席擔子 綠委：政黨必須守法 - Yahoo新聞 | 類似於: 黃國昌盼柯文哲擔主席擔子 綠委：政黨必須守法 - news.cts.com.tw
--------------------------------------------------
候選新聞: 10 則
重複略過: 6 則
相似略過: 3 則
新增情報: 1 則
Telegram 已推送: 1 則
資料庫: political_intel.db
本次抓到 10 則候選新聞。
[相似略過] 國民黨桃園議員這3區辦初選搶提名4月中旬起民調決勝負| 縣市長議員選戰| 要聞 - 聯合新聞網 | 類似於: 國民黨桃園議員這3區辦初選搶提名 4月中旬起民調決勝負 - 桃園電子報
[相似略過] 「拿預算審議當藉口掩飾兩岸無能」 國民黨：總統府將善意視為敵意？ - Yahoo新聞 | 類似於: 「拿預算審議當藉口掩飾兩岸無能」　國民黨：總統府將善意視為敵意？ | 政治 | CTWANT - CTWANT
[已推送] 震傳媒民調（三）／49.2%信任賴總統 認同民眾黨跌至8.5%創歷史新低點！ - zmedia.com.tw
--------------------------------------------------
候選新聞: 10 則
重複略過: 7 則
相似略過: 2 則
新增情報: 1 則
Telegram 已推送: 1 則
資料庫: political_intel.db
本次抓到 10 則候選新聞。
[相似略過] 國民黨桃園議員這3區辦初選搶提名4月中旬起民調決勝負| 縣市長議員選戰| 要聞 - 聯合新聞網 | 類似於: 國民黨桃園議員這3區辦初選搶提名 4月中旬起民調決勝負 - 桃園電子報
[相似略過] 「拿預算審議當藉口掩飾兩岸無能」 國民黨：總統府將善意視為敵意？ - Yahoo新聞 | 類似於: 「拿預算審議當藉口掩飾兩岸無能」　國民黨：總統府將善意視為敵意？ | 政治 | CTWANT - CTWANT
--------------------------------------------------
候選新聞: 10 則
重複略過: 8 則
相似略過: 2 則
新增情報: 0 則
Telegram 已推送: 0 則
資料庫: political_intel.db
本次抓到 10 則候選新聞。
[相似略過] 國民黨桃園議員這3區辦初選搶提名4月中旬起民調決勝負| 縣市長議員選戰| 要聞 - 聯合新聞網 | 類似於: 國民黨桃園議員這3區辦初選搶提名 4月中旬起民調決勝負 - 桃園電子報
[相似略過] 國民黨台中市初選內參民調不公開　江啟臣勝楊瓊瓔獲提名權 | 政治 | CTWANT - CTWANT | 類似於: 國民黨台中市初選內參民調不公開　江啟臣勝楊瓊瓔獲提名權 | 政治 | CTWANT - ctwant.com
[已推送] 民進黨辦「新住民文化交流研習」參訪總統府、陳定南園區 賴清德：台灣是民主自由的國家 - dpp.org.tw
[相似略過] 「拿預算審議當藉口掩飾兩岸無能」 國民黨：總統府將善意視為敵意？ - Yahoo新聞 | 類似於: 「拿預算審議當藉口掩飾兩岸無能」　國民黨：總統府將善意視為敵意？ | 政治 | CTWANT - CTWANT
--------------------------------------------------
候選新聞: 10 則
重複略過: 6 則
相似略過: 3 則
新增情報: 1 則
Telegram 已推送: 1 則
資料庫: political_intel.db
本次抓到 10 則候選新聞。
[相似略過] 國民黨台中市初選內參民調不公開　江啟臣勝楊瓊瓔獲提名權 | 政治 | CTWANT - CTWANT | 類似於: 國民黨台中市初選內參民調不公開　江啟臣勝楊瓊瓔獲提名權 | 政治 | CTWANT - ctwant.com
[相似略過] 「拿預算審議當藉口掩飾兩岸無能」 國民黨：總統府將善意視為敵意？ - Yahoo新聞 | 類似於: 「拿預算審議當藉口掩飾兩岸無能」　國民黨：總統府將善意視為敵意？ | 政治 | CTWANT - CTWANT
[已推送] 民進黨與新住民交流參訪總統府賴清德：先來後到都是這片土地的主人| 政治 - Newtalk新聞
--------------------------------------------------
候選新聞: 10 則
重複略過: 7 則
相似略過: 2 則
新增情報: 1 則
Telegram 已推送: 1 則
資料庫: political_intel.db
本次抓到 10 則候選新聞。
[相似略過] 國民黨台中市初選內參民調不公開　江啟臣勝楊瓊瓔獲提名權 | 政治 | CTWANT - CTWANT | 類似於: 國民黨台中市初選內參民調不公開　江啟臣勝楊瓊瓔獲提名權 | 政治 | CTWANT - ctwant.com
[相似略過] 「拿預算審議當藉口掩飾兩岸無能」 國民黨：總統府將善意視為敵意？ - Yahoo新聞 | 類似於: 「拿預算審議當藉口掩飾兩岸無能」　國民黨：總統府將善意視為敵意？ | 政治 | CTWANT - CTWANT
[相似略過] 民進黨與新住民交流參訪總統府賴清德：先來後到都是這片土地的主人| 政治 - newtalk.tw | 類似於: 民進黨與新住民交流參訪總統府賴清德：先來後到都是這片土地的主人| 政治 - Newtalk新聞
[相似略過] 民進黨邀新住民參訪總統府　賴清德：無論先來後到「都是這片土地主人」 - 三立新聞網SETN.com | 類似於: 民進黨與新住民交流參訪總統府賴清德：先來後到都是這片土地的主人| 政治 - Newtalk新聞
--------------------------------------------------
候選新聞: 10 則
重複略過: 6 則
相似略過: 4 則
新增情報: 0 則
Telegram 已推送: 0 則
資料庫: political_intel.db
本次抓到 10 則候選新聞。
[相似略過] 國民黨桃園議員這3區辦初選搶提名4月中旬起民調決勝負| 縣市長議員選戰| 要聞 - 聯合新聞網 | 類似於: 國民黨桃園議員這3區辦初選搶提名 4月中旬起民調決勝負 - 桃園電子報
[相似略過] 國民黨台中市初選內參民調不公開　江啟臣勝楊瓊瓔獲提名權 | 政治 | CTWANT - CTWANT | 類似於: 國民黨台中市初選內參民調不公開　江啟臣勝楊瓊瓔獲提名權 | 政治 | CTWANT - ctwant.com
[相似略過] 「拿預算審議當藉口掩飾兩岸無能」 國民黨：總統府將善意視為敵意？ - Yahoo新聞 | 類似於: 「拿預算審議當藉口掩飾兩岸無能」　國民黨：總統府將善意視為敵意？ | 政治 | CTWANT - CTWANT
[相似略過] 民進黨與新住民交流參訪總統府賴清德：先來後到都是這片土地的主人| 政治 - newtalk.tw | 類似於: 民進黨與新住民交流參訪總統府賴清德：先來後到都是這片土地的主人| 政治 - Newtalk新聞
[相似略過] 民進黨邀新住民參訪總統府　賴清德：無論先來後到「都是這片土地主人」 - 三立新聞網SETN.com | 類似於: 民進黨與新住民交流參訪總統府賴清德：先來後到都是這片土地的主人| 政治 - Newtalk新聞
--------------------------------------------------
候選新聞: 10 則
重複略過: 5 則
相似略過: 5 則
新增情報: 0 則
Telegram 已推送: 0 則
資料庫: political_intel.db
本次抓到 10 則候選新聞。
[相似略過] 民進黨政黨外交有成！賴清德親推薦　吳奕柔當選CALD青年主席成台灣首位 - setn.com | 類似於: 民進黨政黨外交有成！賴清德親推薦　吳奕柔當選CALD青年主席成台灣首位 - 三立新聞網SETN.com
[相似略過] 國民黨桃園議員這3區辦初選搶提名4月中旬起民調決勝負| 縣市長議員選戰| 要聞 - 聯合新聞網 | 類似於: 國民黨桃園議員這3區辦初選搶提名 4月中旬起民調決勝負 - 桃園電子報
[相似略過] 國民黨台中市初選內參民調不公開　江啟臣勝楊瓊瓔獲提名權 | 政治 | CTWANT - CTWANT | 類似於: 國民黨台中市初選內參民調不公開　江啟臣勝楊瓊瓔獲提名權 | 政治 | CTWANT - ctwant.com
[相似略過] 「拿預算審議當藉口掩飾兩岸無能」 國民黨：總統府將善意視為敵意？ - Yahoo新聞 | 類似於: 「拿預算審議當藉口掩飾兩岸無能」　國民黨：總統府將善意視為敵意？ | 政治 | CTWANT - CTWANT
[相似略過] 民進黨與新住民交流參訪總統府賴清德：先來後到都是這片土地的主人| 政治 - newtalk.tw | 類似於: 民進黨與新住民交流參訪總統府賴清德：先來後到都是這片土地的主人| 政治 - Newtalk新聞
[相似略過] 民進黨邀新住民參訪總統府　賴清德：無論先來後到「都是這片土地主人」 - setn.com | 類似於: 民進黨與新住民交流參訪總統府賴清德：先來後到都是這片土地的主人| 政治 - Newtalk新聞
--------------------------------------------------
候選新聞: 10 則
重複略過: 4 則
相似略過: 6 則
新增情報: 0 則
Telegram 已推送: 0 則
資料庫: political_intel.db
本次抓到 10 則候選新聞。
[相似略過] 國民黨桃園議員這3區辦初選搶提名4月中旬起民調決勝負| 縣市長議員選戰| 要聞 - 聯合新聞網 | 類似於: 國民黨桃園議員這3區辦初選搶提名 4月中旬起民調決勝負 - 桃園電子報
[相似略過] 國民黨台中市初選內參民調不公開　江啟臣勝楊瓊瓔獲提名權 | 政治 | CTWANT - CTWANT | 類似於: 國民黨台中市初選內參民調不公開　江啟臣勝楊瓊瓔獲提名權 | 政治 | CTWANT - ctwant.com
[相似略過] 「拿預算審議當藉口掩飾兩岸無能」 國民黨：總統府將善意視為敵意？ - Yahoo新聞 | 類似於: 「拿預算審議當藉口掩飾兩岸無能」　國民黨：總統府將善意視為敵意？ | 政治 | CTWANT - CTWANT
[相似略過] 民進黨與新住民交流參訪總統府賴清德：先來後到都是這片土地的主人| 政治 - newtalk.tw | 類似於: 民進黨與新住民交流參訪總統府賴清德：先來後到都是這片土地的主人| 政治 - Newtalk新聞
[相似略過] 民進黨邀新住民參訪總統府　賴清德：無論先來後到「都是這片土地主人」 - setn.com | 類似於: 民進黨與新住民交流參訪總統府賴清德：先來後到都是這片土地的主人| 政治 - Newtalk新聞
[相似略過] 柯文哲判刑後2028總統大選怎麼看？專家：賴清德連任策略變簡單了 - setn.com | 類似於: 柯文哲判刑後2028總統大選怎麼看？專家：賴清德連任策略變簡單了 - 三立新聞網SETN.com
--------------------------------------------------
候選新聞: 10 則
重複略過: 4 則
相似略過: 6 則
新增情報: 0 則
Telegram 已推送: 0 則
資料庫: political_intel.db
本次抓到 10 則候選新聞。
[相似略過] 國民黨桃園議員這3區辦初選搶提名4月中旬起民調決勝負| 縣市長議員選戰| 要聞 - 聯合新聞網 | 類似於: 國民黨桃園議員這3區辦初選搶提名 4月中旬起民調決勝負 - 桃園電子報
[相似略過] 國民黨台中市初選內參民調不公開　江啟臣勝楊瓊瓔獲提名權 | 政治 | CTWANT - CTWANT | 類似於: 國民黨台中市初選內參民調不公開　江啟臣勝楊瓊瓔獲提名權 | 政治 | CTWANT - ctwant.com
[相似略過] 「拿預算審議當藉口掩飾兩岸無能」 國民黨：總統府將善意視為敵意？ - Yahoo新聞 | 類似於: 「拿預算審議當藉口掩飾兩岸無能」　國民黨：總統府將善意視為敵意？ | 政治 | CTWANT - CTWANT
[相似略過] 民進黨邀新住民參訪總統府　賴清德：無論先來後到「都是這片土地主人」 - setn.com | 類似於: 民進黨與新住民交流參訪總統府賴清德：先來後到都是這片土地的主人| 政治 - Newtalk新聞
[已推送] 賴清德2028對手出現了？藍營議員預言：蔣萬安會挺「這人」選總統 - Yahoo新聞
--------------------------------------------------
候選新聞: 10 則
重複略過: 5 則
相似略過: 4 則
新增情報: 1 則
Telegram 已推送: 1 則
資料庫: political_intel.db
本次抓到 10 則候選新聞。
[相似略過] 國民黨桃園議員這3區辦初選搶提名4月中旬起民調決勝負| 縣市長議員選戰| 要聞 - 聯合新聞網 | 類似於: 國民黨桃園議員這3區辦初選搶提名 4月中旬起民調決勝負 - 桃園電子報
[相似略過] 國民黨台中市初選內參民調不公開　江啟臣勝楊瓊瓔獲提名權 | 政治 | CTWANT - CTWANT | 類似於: 國民黨台中市初選內參民調不公開　江啟臣勝楊瓊瓔獲提名權 | 政治 | CTWANT - ctwant.com
[相似略過] 「拿預算審議當藉口掩飾兩岸無能」 國民黨：總統府將善意視為敵意？ - Yahoo新聞 | 類似於: 「拿預算審議當藉口掩飾兩岸無能」　國民黨：總統府將善意視為敵意？ | 政治 | CTWANT - CTWANT
--------------------------------------------------
候選新聞: 10 則
重複略過: 7 則
相似略過: 3 則
新增情報: 0 則
Telegram 已推送: 0 則
資料庫: political_intel.db
本次抓到 10 則候選新聞。
[相似略過] 民進黨政黨外交有成！賴清德親推薦 吳奕柔當選CALD青年主席成台灣首位 - Yahoo新聞 | 類似於: 民進黨政黨外交有成！賴清德親推薦　吳奕柔當選CALD青年主席成台灣首位 - 三立新聞網SETN.com
[相似略過] 國民黨桃園議員這3區辦初選搶提名4月中旬起民調決勝負| 縣市長議員選戰| 要聞 - 聯合新聞網 | 類似於: 國民黨桃園議員這3區辦初選搶提名 4月中旬起民調決勝負 - 桃園電子報
[相似略過] 國民黨台中市初選內參民調不公開　江啟臣勝楊瓊瓔獲提名權 | 政治 | CTWANT - CTWANT | 類似於: 國民黨台中市初選內參民調不公開　江啟臣勝楊瓊瓔獲提名權 | 政治 | CTWANT - ctwant.com
[已推送] 民調／李貞秀是否適任立委？52.3%民眾認為不適任　民眾黨也有34%不挺 - 三立新聞網SETN.com
[相似略過] 「拿預算審議當藉口掩飾兩岸無能」 國民黨：總統府將善意視為敵意？ - Yahoo新聞 | 類似於: 「拿預算審議當藉口掩飾兩岸無能」　國民黨：總統府將善意視為敵意？ | 政治 | CTWANT - CTWANT
--------------------------------------------------
候選新聞: 10 則
重複略過: 5 則
相似略過: 4 則
新增情報: 1 則
Telegram 已推送: 1 則
資料庫: political_intel.db
本次抓到 10 則候選新聞。
[相似略過] 民進黨政黨外交有成！賴清德親推薦 吳奕柔當選CALD青年主席成台灣首位 - Yahoo新聞 | 類似於: 民進黨政黨外交有成！賴清德親推薦　吳奕柔當選CALD青年主席成台灣首位 - 三立新聞網SETN.com
[相似略過] 國民黨桃園議員這3區辦初選搶提名4月中旬起民調決勝負| 縣市長議員選戰| 要聞 - 聯合新聞網 | 類似於: 國民黨桃園議員這3區辦初選搶提名 4月中旬起民調決勝負 - 桃園電子報
[相似略過] 國民黨台中市初選內參民調不公開　江啟臣勝楊瓊瓔獲提名權 | 政治 | CTWANT - CTWANT | 類似於: 國民黨台中市初選內參民調不公開　江啟臣勝楊瓊瓔獲提名權 | 政治 | CTWANT - ctwant.com
[相似略過] 「拿預算審議當藉口掩飾兩岸無能」 國民黨：總統府將善意視為敵意？ - Yahoo新聞 | 類似於: 「拿預算審議當藉口掩飾兩岸無能」　國民黨：總統府將善意視為敵意？ | 政治 | CTWANT - CTWANT
--------------------------------------------------
候選新聞: 10 則
重複略過: 6 則
相似略過: 4 則
新增情報: 0 則
Telegram 已推送: 0 則
資料庫: political_intel.db
本次抓到 10 則候選新聞。
[相似略過] 民進黨政黨外交有成！賴清德親推薦 吳奕柔當選CALD青年主席成台灣首位 - tw.news.yahoo.com | 類似於: 民進黨政黨外交有成！賴清德親推薦　吳奕柔當選CALD青年主席成台灣首位 - 三立新聞網SETN.com
[相似略過] 國民黨桃園議員這3區辦初選搶提名4月中旬起民調決勝負| 縣市長議員選戰| 要聞 - 聯合新聞網 | 類似於: 國民黨桃園議員這3區辦初選搶提名 4月中旬起民調決勝負 - 桃園電子報
[相似略過] 國民黨台中市初選內參民調不公開　江啟臣勝楊瓊瓔獲提名權 | 政治 | CTWANT - CTWANT | 類似於: 國民黨台中市初選內參民調不公開　江啟臣勝楊瓊瓔獲提名權 | 政治 | CTWANT - ctwant.com
[相似略過] 「拿預算審議當藉口掩飾兩岸無能」 國民黨：總統府將善意視為敵意？ - tw.news.yahoo.com | 類似於: 「拿預算審議當藉口掩飾兩岸無能」　國民黨：總統府將善意視為敵意？ | 政治 | CTWANT - CTWANT
--------------------------------------------------
候選新聞: 10 則
重複略過: 6 則
相似略過: 4 則
新增情報: 0 則
Telegram 已推送: 0 則
資料庫: political_intel.db
本次抓到 10 則候選新聞。
[相似略過] 民進黨政黨外交有成！賴清德親推薦 吳奕柔當選CALD青年主席成台灣首位 - tw.news.yahoo.com | 類似於: 民進黨政黨外交有成！賴清德親推薦　吳奕柔當選CALD青年主席成台灣首位 - 三立新聞網SETN.com
[相似略過] 國民黨桃園議員這3區辦初選搶提名4月中旬起民調決勝負| 縣市長議員選戰| 要聞 - 聯合新聞網 | 類似於: 國民黨桃園議員這3區辦初選搶提名 4月中旬起民調決勝負 - 桃園電子報
[相似略過] 國民黨台中市初選內參民調不公開　江啟臣勝楊瓊瓔獲提名權 | 政治 | CTWANT - CTWANT | 類似於: 國民黨台中市初選內參民調不公開　江啟臣勝楊瓊瓔獲提名權 | 政治 | CTWANT - ctwant.com
[相似略過] 「拿預算審議當藉口掩飾兩岸無能」 國民黨：總統府將善意視為敵意？ - tw.news.yahoo.com | 類似於: 「拿預算審議當藉口掩飾兩岸無能」　國民黨：總統府將善意視為敵意？ | 政治 | CTWANT - CTWANT
--------------------------------------------------
候選新聞: 10 則
重複略過: 6 則
相似略過: 4 則
新增情報: 0 則
Telegram 已推送: 0 則
資料庫: political_intel.db
本次抓到 10 則候選新聞。
[相似略過] 民進黨政黨外交有成！賴清德親推薦 吳奕柔當選CALD青年主席成台灣首位 - tw.news.yahoo.com | 類似於: 民進黨政黨外交有成！賴清德親推薦　吳奕柔當選CALD青年主席成台灣首位 - 三立新聞網SETN.com
[相似略過] 國民黨桃園議員這3區辦初選搶提名4月中旬起民調決勝負| 縣市長議員選戰| 要聞 - 聯合新聞網 | 類似於: 國民黨桃園議員這3區辦初選搶提名 4月中旬起民調決勝負 - 桃園電子報
[相似略過] 國民黨台中市初選內參民調不公開　江啟臣勝楊瓊瓔獲提名權 | 政治 | CTWANT - CTWANT | 類似於: 國民黨台中市初選內參民調不公開　江啟臣勝楊瓊瓔獲提名權 | 政治 | CTWANT - ctwant.com
[相似略過] 「拿預算審議當藉口掩飾兩岸無能」 國民黨：總統府將善意視為敵意？ - tw.news.yahoo.com | 類似於: 「拿預算審議當藉口掩飾兩岸無能」　國民黨：總統府將善意視為敵意？ | 政治 | CTWANT - CTWANT
--------------------------------------------------
候選新聞: 10 則
重複略過: 6 則
相似略過: 4 則
新增情報: 0 則
Telegram 已推送: 0 則
資料庫: political_intel.db
每日戰情報告已推送。
本次抓到 10 則候選新聞。
[相似略過] 民進黨政黨外交有成！賴清德親推薦 吳奕柔當選CALD青年主席成台灣首位 - tw.news.yahoo.com | 類似於: 民進黨政黨外交有成！賴清德親推薦　吳奕柔當選CALD青年主席成台灣首位 - 三立新聞網SETN.com
[相似略過] 國民黨桃園議員這3區辦初選搶提名4月中旬起民調決勝負| 縣市長議員選戰| 要聞 - 聯合新聞網 | 類似於: 國民黨桃園議員這3區辦初選搶提名 4月中旬起民調決勝負 - 桃園電子報
[相似略過] 國民黨台中市初選內參民調不公開　江啟臣勝楊瓊瓔獲提名權 | 政治 | CTWANT - CTWANT | 類似於: 國民黨台中市初選內參民調不公開　江啟臣勝楊瓊瓔獲提名權 | 政治 | CTWANT - ctwant.com
--------------------------------------------------
候選新聞: 10 則
重複略過: 7 則
相似略過: 3 則
新增情報: 0 則
Telegram 已推送: 0 則
資料庫: political_intel.db
本次抓到 10 則候選新聞。
[相似略過] 民進黨政黨外交有成！賴清德親推薦 吳奕柔當選CALD青年主席成台灣首位 - Yahoo新聞 | 類似於: 民進黨政黨外交有成！賴清德親推薦　吳奕柔當選CALD青年主席成台灣首位 - 三立新聞網SETN.com
[相似略過] 國民黨桃園議員這3區辦初選搶提名4月中旬起民調決勝負| 縣市長議員選戰| 要聞 - 聯合新聞網 | 類似於: 國民黨桃園議員這3區辦初選搶提名 4月中旬起民調決勝負 - 桃園電子報
[相似略過] 國民黨台中市初選內參民調不公開　江啟臣勝楊瓊瓔獲提名權 | 政治 | CTWANT - CTWANT | 類似於: 國民黨台中市初選內參民調不公開　江啟臣勝楊瓊瓔獲提名權 | 政治 | CTWANT - ctwant.com
[已推送] 緬甸軍政府領袖敏昂萊 獲國會推選副總統將角逐總統｜20260331 公視晚間新聞 - 公視新聞網PNN
--------------------------------------------------
候選新聞: 10 則
重複略過: 6 則
相似略過: 3 則
新增情報: 1 則
Telegram 已推送: 1 則
資料庫: political_intel.db
本次抓到 10 則候選新聞。
[相似略過] 民進黨政黨外交有成！賴清德親推薦 吳奕柔當選CALD青年主席成台灣首位 - Yahoo新聞 | 類似於: 民進黨政黨外交有成！賴清德親推薦　吳奕柔當選CALD青年主席成台灣首位 - 三立新聞網SETN.com
[相似略過] 國民黨桃園議員這3區辦初選搶提名4月中旬起民調決勝負| 縣市長議員選戰| 要聞 - 聯合新聞網 | 類似於: 國民黨桃園議員這3區辦初選搶提名 4月中旬起民調決勝負 - 桃園電子報
--------------------------------------------------
候選新聞: 10 則
重複略過: 8 則
相似略過: 2 則
新增情報: 0 則
Telegram 已推送: 0 則
資料庫: political_intel.db
本次抓到 10 則候選新聞。
[相似略過] 民進黨政黨外交有成！賴清德親推薦 吳奕柔當選CALD青年主席成台灣首位 - Yahoo新聞 | 類似於: 民進黨政黨外交有成！賴清德親推薦　吳奕柔當選CALD青年主席成台灣首位 - 三立新聞網SETN.com
[相似略過] 國民黨桃園議員這3區辦初選搶提名4月中旬起民調決勝負| 縣市長議員選戰| 要聞 - 聯合新聞網 | 類似於: 國民黨桃園議員這3區辦初選搶提名 4月中旬起民調決勝負 - 桃園電子報
--------------------------------------------------
候選新聞: 10 則
重複略過: 8 則
相似略過: 2 則
新增情報: 0 則
Telegram 已推送: 0 則
資料庫: political_intel.db
本次抓到 10 則候選新聞。
[相似略過] 民進黨政黨外交有成！賴清德親推薦 吳奕柔當選CALD青年主席成台灣首位 - Yahoo新聞 | 類似於: 民進黨政黨外交有成！賴清德親推薦　吳奕柔當選CALD青年主席成台灣首位 - 三立新聞網SETN.com
[相似略過] 國民黨桃園議員這3區辦初選搶提名4月中旬起民調決勝負| 縣市長議員選戰| 要聞 - 聯合新聞網 | 類似於: 國民黨桃園議員這3區辦初選搶提名 4月中旬起民調決勝負 - 桃園電子報
[相似略過] 國民黨台中市初選內參民調不公開　江啟臣勝楊瓊瓔獲提名權 | 政治 | CTWANT - CTWANT | 類似於: 國民黨台中市初選內參民調不公開　江啟臣勝楊瓊瓔獲提名權 | 政治 | CTWANT - ctwant.com
[已推送] 專訪／震傳媒民調曝！52.3%民眾認李貞秀不適任立委 陳敏鳳：民眾黨處分李貞秀是自救 - zmedia.com.tw
--------------------------------------------------
候選新聞: 10 則
重複略過: 6 則
相似略過: 3 則
新增情報: 1 則
Telegram 已推送: 1 則
資料庫: political_intel.db
本次抓到 10 則候選新聞。
[相似略過] 民進黨政黨外交有成！賴清德親推薦 吳奕柔當選CALD青年主席成台灣首位 - Yahoo新聞 | 類似於: 民進黨政黨外交有成！賴清德親推薦　吳奕柔當選CALD青年主席成台灣首位 - 三立新聞網SETN.com
[相似略過] 國民黨桃園議員這3區辦初選搶提名4月中旬起民調決勝負| 縣市長議員選戰| 要聞 - 聯合新聞網 | 類似於: 國民黨桃園議員這3區辦初選搶提名 4月中旬起民調決勝負 - 桃園電子報
[相似略過] 國民黨台中市初選內參民調不公開　江啟臣勝楊瓊瓔獲提名權 | 政治 | CTWANT - CTWANT | 類似於: 國民黨台中市初選內參民調不公開　江啟臣勝楊瓊瓔獲提名權 | 政治 | CTWANT - ctwant.com
--------------------------------------------------
候選新聞: 10 則
重複略過: 7 則
相似略過: 3 則
新增情報: 0 則
Telegram 已推送: 0 則
資料庫: political_intel.db
本次抓到 10 則候選新聞。
[相似略過] 民進黨政黨外交有成！賴清德親推薦 吳奕柔當選CALD青年主席成台灣首位 - Yahoo新聞 | 類似於: 民進黨政黨外交有成！賴清德親推薦　吳奕柔當選CALD青年主席成台灣首位 - 三立新聞網SETN.com
[相似略過] 國民黨桃園議員這3區辦初選搶提名4月中旬起民調決勝負| 縣市長議員選戰| 要聞 - 聯合新聞網 | 類似於: 國民黨桃園議員這3區辦初選搶提名 4月中旬起民調決勝負 - 桃園電子報
--------------------------------------------------
候選新聞: 10 則
重複略過: 8 則
相似略過: 2 則
新增情報: 0 則
Telegram 已推送: 0 則
資料庫: political_intel.db
本次抓到 10 則候選新聞。
[相似略過] 民進黨政黨外交有成！賴清德親推薦 吳奕柔當選CALD青年主席成台灣首位 - Yahoo新聞 | 類似於: 民進黨政黨外交有成！賴清德親推薦　吳奕柔當選CALD青年主席成台灣首位 - 三立新聞網SETN.com
[相似略過] 國民黨桃園議員這3區辦初選搶提名4月中旬起民調決勝負| 縣市長議員選戰| 要聞 - 聯合新聞網 | 類似於: 國民黨桃園議員這3區辦初選搶提名 4月中旬起民調決勝負 - 桃園電子報
[已推送] 獨／李貞秀「爆破」柯文哲、高虹安爭議延燒 拒辭立委還喊告民眾黨中評會 - Yahoo新聞
--------------------------------------------------
候選新聞: 10 則
重複略過: 7 則
相似略過: 2 則
新增情報: 1 則
Telegram 已推送: 1 則
資料庫: political_intel.db
本次抓到 10 則候選新聞。
[相似略過] 民進黨政黨外交有成！賴清德親推薦 吳奕柔當選CALD青年主席成台灣首位 - Yahoo新聞 | 類似於: 民進黨政黨外交有成！賴清德親推薦　吳奕柔當選CALD青年主席成台灣首位 - 三立新聞網SETN.com
[相似略過] 國民黨桃園議員這3區辦初選搶提名4月中旬起民調決勝負| 縣市長議員選戰| 要聞 - 聯合新聞網 | 類似於: 國民黨桃園議員這3區辦初選搶提名 4月中旬起民調決勝負 - 桃園電子報
[相似略過] 國民黨台中市初選內參民調不公開　江啟臣勝楊瓊瓔獲提名權 | 政治 | CTWANT - CTWANT | 類似於: 國民黨台中市初選內參民調不公開　江啟臣勝楊瓊瓔獲提名權 | 政治 | CTWANT - ctwant.com
[相似略過] 緬甸軍政府領袖敏昂萊 獲國會推選副總統將角逐總統｜20260331 公視晚間新聞 - news.pts.org.tw | 類似於: 緬甸軍政府領袖敏昂萊 獲國會推選副總統將角逐總統｜20260331 公視晚間新聞 - 公視新聞網PNN
--------------------------------------------------
候選新聞: 10 則
重複略過: 6 則
相似略過: 4 則
新增情報: 0 則
Telegram 已推送: 0 則
資料庫: political_intel.db
本次抓到 10 則候選新聞。
[相似略過] 民進黨政黨外交有成！賴清德親推薦 吳奕柔當選CALD青年主席成台灣首位 - Yahoo新聞 | 類似於: 民進黨政黨外交有成！賴清德親推薦　吳奕柔當選CALD青年主席成台灣首位 - 三立新聞網SETN.com
[相似略過] 國民黨桃園議員這3區辦初選搶提名4月中旬起民調決勝負| 縣市長議員選戰| 要聞 - 聯合新聞網 | 類似於: 國民黨桃園議員這3區辦初選搶提名 4月中旬起民調決勝負 - 桃園電子報
[相似略過] 國民黨台中市初選內參民調不公開　江啟臣勝楊瓊瓔獲提名權 | 政治 | CTWANT - CTWANT | 類似於: 國民黨台中市初選內參民調不公開　江啟臣勝楊瓊瓔獲提名權 | 政治 | CTWANT - ctwant.com
[相似略過] 緬甸軍政府領袖敏昂萊 獲國會推選副總統將角逐總統｜20260331 公視晚間新聞 - news.pts.org.tw | 類似於: 緬甸軍政府領袖敏昂萊 獲國會推選副總統將角逐總統｜20260331 公視晚間新聞 - 公視新聞網PNN
--------------------------------------------------
候選新聞: 10 則
重複略過: 6 則
相似略過: 4 則
新增情報: 0 則
Telegram 已推送: 0 則
資料庫: political_intel.db
本次抓到 10 則候選新聞。
[相似略過] 民進黨政黨外交有成！賴清德親推薦 吳奕柔當選CALD青年主席成台灣首位 - Yahoo新聞 | 類似於: 民進黨政黨外交有成！賴清德親推薦　吳奕柔當選CALD青年主席成台灣首位 - 三立新聞網SETN.com
[相似略過] 國民黨桃園議員這3區辦初選搶提名4月中旬起民調決勝負| 縣市長議員選戰| 要聞 - 聯合新聞網 | 類似於: 國民黨桃園議員這3區辦初選搶提名 4月中旬起民調決勝負 - 桃園電子報
[相似略過] 國民黨台中市初選內參民調不公開　江啟臣勝楊瓊瓔獲提名權 | 政治 | CTWANT - CTWANT | 類似於: 國民黨台中市初選內參民調不公開　江啟臣勝楊瓊瓔獲提名權 | 政治 | CTWANT - ctwant.com
[相似略過] 民調／李貞秀是否適任立委？52.3%民眾認為不適任　民眾黨也有34%不挺 - setn.com | 類似於: 民調／李貞秀是否適任立委？52.3%民眾認為不適任　民眾黨也有34%不挺 - 三立新聞網SETN.com
--------------------------------------------------
候選新聞: 10 則
重複略過: 6 則
相似略過: 4 則
新增情報: 0 則
Telegram 已推送: 0 則
資料庫: political_intel.db
本次抓到 10 則候選新聞。
[相似略過] 民進黨政黨外交有成！賴清德親推薦 吳奕柔當選CALD青年主席成台灣首位 - Yahoo新聞 | 類似於: 民進黨政黨外交有成！賴清德親推薦　吳奕柔當選CALD青年主席成台灣首位 - 三立新聞網SETN.com
[相似略過] 國民黨桃園議員這3區辦初選搶提名4月中旬起民調決勝負| 縣市長議員選戰| 要聞 - 聯合新聞網 | 類似於: 國民黨桃園議員這3區辦初選搶提名 4月中旬起民調決勝負 - 桃園電子報
[相似略過] 國民黨台中市初選內參民調不公開　江啟臣勝楊瓊瓔獲提名權 | 政治 | CTWANT - CTWANT | 類似於: 國民黨台中市初選內參民調不公開　江啟臣勝楊瓊瓔獲提名權 | 政治 | CTWANT - ctwant.com
--------------------------------------------------
候選新聞: 10 則
重複略過: 7 則
相似略過: 3 則
新增情報: 0 則
Telegram 已推送: 0 則
資料庫: political_intel.db
本次抓到 10 則候選新聞。
[相似略過] 民進黨政黨外交有成！賴清德親推薦 吳奕柔當選CALD青年主席成台灣首位 - Yahoo新聞 | 類似於: 民進黨政黨外交有成！賴清德親推薦　吳奕柔當選CALD青年主席成台灣首位 - 三立新聞網SETN.com
[相似略過] 國民黨桃園議員這3區辦初選搶提名4月中旬起民調決勝負| 縣市長議員選戰| 要聞 - 聯合新聞網 | 類似於: 國民黨桃園議員這3區辦初選搶提名 4月中旬起民調決勝負 - 桃園電子報
[相似略過] 國民黨台中市初選內參民調不公開　江啟臣勝楊瓊瓔獲提名權 | 政治 | CTWANT - CTWANT | 類似於: 國民黨台中市初選內參民調不公開　江啟臣勝楊瓊瓔獲提名權 | 政治 | CTWANT - ctwant.com
[相似略過] 民調／李貞秀是否適任立委？52.3%民眾認為不適任　民眾黨也有34%不挺 - setn.com | 類似於: 民調／李貞秀是否適任立委？52.3%民眾認為不適任　民眾黨也有34%不挺 - 三立新聞網SETN.com
[已推送] 最新民調！賴清德滿意度死亡交叉 6成認為民眾黨恐泡沫化 - 東森新聞
--------------------------------------------------
候選新聞: 10 則
重複略過: 5 則
相似略過: 4 則
新增情報: 1 則
Telegram 已推送: 1 則
資料庫: political_intel.db
本次抓到 10 則候選新聞。
[相似略過] 民進黨政黨外交有成！賴清德親推薦 吳奕柔當選CALD青年主席成台灣首位 - Yahoo新聞 | 類似於: 民進黨政黨外交有成！賴清德親推薦　吳奕柔當選CALD青年主席成台灣首位 - 三立新聞網SETN.com
[相似略過] 國民黨桃園議員這3區辦初選搶提名4月中旬起民調決勝負| 縣市長議員選戰| 要聞 - 聯合新聞網 | 類似於: 國民黨桃園議員這3區辦初選搶提名 4月中旬起民調決勝負 - 桃園電子報
[相似略過] 國民黨台中市初選內參民調不公開　江啟臣勝楊瓊瓔獲提名權 | 政治 | CTWANT - CTWANT | 類似於: 國民黨台中市初選內參民調不公開　江啟臣勝楊瓊瓔獲提名權 | 政治 | CTWANT - ctwant.com
--------------------------------------------------
候選新聞: 10 則
重複略過: 7 則
相似略過: 3 則
新增情報: 0 則
Telegram 已推送: 0 則
資料庫: political_intel.db
本次抓到 10 則候選新聞。
[相似略過] 民進黨政黨外交有成！賴清德親推薦 吳奕柔當選CALD青年主席成台灣首位 - Yahoo新聞 | 類似於: 民進黨政黨外交有成！賴清德親推薦　吳奕柔當選CALD青年主席成台灣首位 - 三立新聞網SETN.com
[相似略過] 國民黨桃園議員這3區辦初選搶提名4月中旬起民調決勝負| 縣市長議員選戰| 要聞 - 聯合新聞網 | 類似於: 國民黨桃園議員這3區辦初選搶提名 4月中旬起民調決勝負 - 桃園電子報
[相似略過] 國民黨台中市初選內參民調不公開　江啟臣勝楊瓊瓔獲提名權 | 政治 | CTWANT - CTWANT | 類似於: 國民黨台中市初選內參民調不公開　江啟臣勝楊瓊瓔獲提名權 | 政治 | CTWANT - ctwant.com
--------------------------------------------------
候選新聞: 10 則
重複略過: 7 則
相似略過: 3 則
新增情報: 0 則
Telegram 已推送: 0 則
資料庫: political_intel.db
本次抓到 10 則候選新聞。
[相似略過] 民進黨政黨外交有成！賴清德親推薦 吳奕柔當選CALD青年主席成台灣首位 - Yahoo新聞 | 類似於: 民進黨政黨外交有成！賴清德親推薦　吳奕柔當選CALD青年主席成台灣首位 - 三立新聞網SETN.com
[相似略過] 國民黨桃園議員這3區辦初選搶提名4月中旬起民調決勝負| 縣市長議員選戰| 要聞 - 聯合新聞網 | 類似於: 國民黨桃園議員這3區辦初選搶提名 4月中旬起民調決勝負 - 桃園電子報
[相似略過] 國民黨台中市初選內參民調不公開　江啟臣勝楊瓊瓔獲提名權 | 政治 | CTWANT - CTWANT | 類似於: 國民黨台中市初選內參民調不公開　江啟臣勝楊瓊瓔獲提名權 | 政治 | CTWANT - ctwant.com
--------------------------------------------------
候選新聞: 10 則
重複略過: 7 則
相似略過: 3 則
新增情報: 0 則
Telegram 已推送: 0 則
資料庫: political_intel.db
本次抓到 10 則候選新聞。
[相似略過] 民進黨政黨外交有成！賴清德親推薦 吳奕柔當選CALD青年主席成台灣首位 - Yahoo新聞 | 類似於: 民進黨政黨外交有成！賴清德親推薦　吳奕柔當選CALD青年主席成台灣首位 - 三立新聞網SETN.com
[相似略過] 國民黨桃園議員這3區辦初選搶提名4月中旬起民調決勝負| 縣市長議員選戰| 要聞 - 聯合新聞網 | 類似於: 國民黨桃園議員這3區辦初選搶提名 4月中旬起民調決勝負 - 桃園電子報
[相似略過] 國民黨台中市初選內參民調不公開　江啟臣勝楊瓊瓔獲提名權 | 政治 | CTWANT - CTWANT | 類似於: 國民黨台中市初選內參民調不公開　江啟臣勝楊瓊瓔獲提名權 | 政治 | CTWANT - ctwant.com
--------------------------------------------------
候選新聞: 10 則
重複略過: 7 則
相似略過: 3 則
新增情報: 0 則
Telegram 已推送: 0 則
資料庫: political_intel.db
本次抓到 10 則候選新聞。
[相似略過] 民進黨政黨外交有成！賴清德親推薦 吳奕柔當選CALD青年主席成台灣首位 - Yahoo新聞 | 類似於: 民進黨政黨外交有成！賴清德親推薦　吳奕柔當選CALD青年主席成台灣首位 - 三立新聞網SETN.com
[相似略過] 國民黨桃園議員這3區辦初選搶提名4月中旬起民調決勝負| 縣市長議員選戰| 要聞 - 聯合新聞網 | 類似於: 國民黨桃園議員這3區辦初選搶提名 4月中旬起民調決勝負 - 桃園電子報
[相似略過] 國民黨台中市初選內參民調不公開　江啟臣勝楊瓊瓔獲提名權 | 政治 | CTWANT - CTWANT | 類似於: 國民黨台中市初選內參民調不公開　江啟臣勝楊瓊瓔獲提名權 | 政治 | CTWANT - ctwant.com
--------------------------------------------------
候選新聞: 10 則
重複略過: 7 則
相似略過: 3 則
新增情報: 0 則
Telegram 已推送: 0 則
資料庫: political_intel.db
本次抓到 10 則候選新聞。
[相似略過] 民進黨政黨外交有成！賴清德親推薦 吳奕柔當選CALD青年主席成台灣首位 - Yahoo新聞 | 類似於: 民進黨政黨外交有成！賴清德親推薦　吳奕柔當選CALD青年主席成台灣首位 - 三立新聞網SETN.com
[相似略過] 國民黨桃園議員這3區辦初選搶提名4月中旬起民調決勝負| 縣市長議員選戰| 要聞 - 聯合新聞網 | 類似於: 國民黨桃園議員這3區辦初選搶提名 4月中旬起民調決勝負 - 桃園電子報
[相似略過] 國民黨台中市初選內參民調不公開　江啟臣勝楊瓊瓔獲提名權 | 政治 | CTWANT - CTWANT | 類似於: 國民黨台中市初選內參民調不公開　江啟臣勝楊瓊瓔獲提名權 | 政治 | CTWANT - ctwant.com
[已推送] 中市長選舉 國民黨江啟臣對決民進黨何欣純 - 自由時報
--------------------------------------------------
候選新聞: 10 則
重複略過: 6 則
相似略過: 3 則
新增情報: 1 則
Telegram 已推送: 1 則
資料庫: political_intel.db
本次抓到 10 則候選新聞。
[相似略過] 民進黨政黨外交有成！賴清德親推薦 吳奕柔當選CALD青年主席成台灣首位 - Yahoo新聞 | 類似於: 民進黨政黨外交有成！賴清德親推薦　吳奕柔當選CALD青年主席成台灣首位 - 三立新聞網SETN.com
[相似略過] 國民黨桃園議員這3區辦初選搶提名4月中旬起民調決勝負| 縣市長議員選戰| 要聞 - 聯合新聞網 | 類似於: 國民黨桃園議員這3區辦初選搶提名 4月中旬起民調決勝負 - 桃園電子報
[相似略過] 國民黨台中市初選內參民調不公開　江啟臣勝楊瓊瓔獲提名權 | 政治 | CTWANT - CTWANT | 類似於: 國民黨台中市初選內參民調不公開　江啟臣勝楊瓊瓔獲提名權 | 政治 | CTWANT - ctwant.com
--------------------------------------------------
候選新聞: 10 則
重複略過: 7 則
相似略過: 3 則
新增情報: 0 則
Telegram 已推送: 0 則
資料庫: political_intel.db
本次抓到 10 則候選新聞。
[相似略過] 民進黨政黨外交有成！賴清德親推薦 吳奕柔當選CALD青年主席成台灣首位 - Yahoo新聞 | 類似於: 民進黨政黨外交有成！賴清德親推薦　吳奕柔當選CALD青年主席成台灣首位 - 三立新聞網SETN.com
[相似略過] 國民黨桃園議員這3區辦初選搶提名4月中旬起民調決勝負| 縣市長議員選戰| 要聞 - 聯合新聞網 | 類似於: 國民黨桃園議員這3區辦初選搶提名 4月中旬起民調決勝負 - 桃園電子報
--------------------------------------------------
候選新聞: 10 則
重複略過: 8 則
相似略過: 2 則
新增情報: 0 則
Telegram 已推送: 0 則
資料庫: political_intel.db
本次抓到 10 則候選新聞。
[相似略過] 民進黨政黨外交有成！賴清德親推薦 吳奕柔當選CALD青年主席成台灣首位 - Yahoo新聞 | 類似於: 民進黨政黨外交有成！賴清德親推薦　吳奕柔當選CALD青年主席成台灣首位 - 三立新聞網SETN.com
[相似略過] 國民黨桃園議員這3區辦初選搶提名4月中旬起民調決勝負| 縣市長議員選戰| 要聞 - 聯合新聞網 | 類似於: 國民黨桃園議員這3區辦初選搶提名 4月中旬起民調決勝負 - 桃園電子報
--------------------------------------------------
候選新聞: 10 則
重複略過: 8 則
相似略過: 2 則
新增情報: 0 則
Telegram 已推送: 0 則
資料庫: political_intel.db
本次抓到 10 則候選新聞。
[相似略過] 國民黨桃園議員這3區辦初選搶提名4月中旬起民調決勝負| 縣市長議員選戰| 要聞 - 聯合新聞網 | 類似於: 國民黨桃園議員這3區辦初選搶提名 4月中旬起民調決勝負 - 桃園電子報
[相似略過] 最新民調！賴清德滿意度死亡交叉 6成認為民眾黨恐泡沫化 - news.ebc.net.tw | 類似於: 最新民調！賴清德滿意度死亡交叉 6成認為民眾黨恐泡沫化 - 東森新聞
--------------------------------------------------
候選新聞: 10 則
重複略過: 8 則
相似略過: 2 則
新增情報: 0 則
Telegram 已推送: 0 則
資料庫: political_intel.db
本次抓到 10 則候選新聞。
[相似略過] 國民黨桃園議員這3區辦初選搶提名4月中旬起民調決勝負| 縣市長議員選戰| 要聞 - 聯合新聞網 | 類似於: 國民黨桃園議員這3區辦初選搶提名 4月中旬起民調決勝負 - 桃園電子報
[相似略過] 緬甸軍政府領袖敏昂萊 獲國會推選副總統將角逐總統 - Yahoo新聞 | 類似於: 緬甸軍政府領袖敏昂萊 獲國會推選副總統將角逐總統｜20260331 公視晚間新聞 - 公視新聞網PNN
[已推送] 傳李貞秀拒辭立委揚言告民眾黨中評會 周軒：柯文哲敢公開跟中國翻臉？ - 自由時報
[相似略過] 最新民調！賴清德滿意度死亡交叉 6成認為民眾黨恐泡沫化 - news.ebc.net.tw | 類似於: 最新民調！賴清德滿意度死亡交叉 6成認為民眾黨恐泡沫化 - 東森新聞
--------------------------------------------------
候選新聞: 10 則
重複略過: 6 則
相似略過: 3 則
新增情報: 1 則
Telegram 已推送: 1 則
資料庫: political_intel.db
本次抓到 10 則候選新聞。
[相似略過] 國民黨桃園議員這3區辦初選搶提名4月中旬起民調決勝負| 縣市長議員選戰| 要聞 - 聯合新聞網 | 類似於: 國民黨桃園議員這3區辦初選搶提名 4月中旬起民調決勝負 - 桃園電子報
[相似略過] 緬甸軍政府領袖敏昂萊 獲國會推選副總統將角逐總統 - Yahoo新聞 | 類似於: 緬甸軍政府領袖敏昂萊 獲國會推選副總統將角逐總統｜20260331 公視晚間新聞 - 公視新聞網PNN
--------------------------------------------------
候選新聞: 10 則
重複略過: 8 則
相似略過: 2 則
新增情報: 0 則
Telegram 已推送: 0 則
資料庫: political_intel.db
本次抓到 10 則候選新聞。
[相似略過] 國民黨桃園議員這3區辦初選搶提名4月中旬起民調決勝負| 縣市長議員選戰| 要聞 - 聯合新聞網 | 類似於: 國民黨桃園議員這3區辦初選搶提名 4月中旬起民調決勝負 - 桃園電子報
[相似略過] 緬甸軍政府領袖敏昂萊 獲國會推選副總統將角逐總統 - Yahoo新聞 | 類似於: 緬甸軍政府領袖敏昂萊 獲國會推選副總統將角逐總統｜20260331 公視晚間新聞 - 公視新聞網PNN
--------------------------------------------------
候選新聞: 10 則
重複略過: 8 則
相似略過: 2 則
新增情報: 0 則
Telegram 已推送: 0 則
資料庫: political_intel.db
本次抓到 10 則候選新聞。
[相似略過] 國民黨桃園議員這3區辦初選搶提名4月中旬起民調決勝負| 縣市長議員選戰| 要聞 - 聯合新聞網 | 類似於: 國民黨桃園議員這3區辦初選搶提名 4月中旬起民調決勝負 - 桃園電子報
[相似略過] 緬甸軍政府領袖敏昂萊 獲國會推選副總統將角逐總統 - Yahoo新聞 | 類似於: 緬甸軍政府領袖敏昂萊 獲國會推選副總統將角逐總統｜20260331 公視晚間新聞 - 公視新聞網PNN
--------------------------------------------------
候選新聞: 10 則
重複略過: 8 則
相似略過: 2 則
新增情報: 0 則
Telegram 已推送: 0 則
資料庫: political_intel.db
本次抓到 10 則候選新聞。
[相似略過] 國民黨桃園議員這3區辦初選搶提名4月中旬起民調決勝負| 縣市長議員選戰| 要聞 - 聯合新聞網 | 類似於: 國民黨桃園議員這3區辦初選搶提名 4月中旬起民調決勝負 - 桃園電子報
[已推送] 最新民調！賴清德滿意度死亡交叉 政黨認同度「它」最高 - Yahoo新聞
[已推送] 三大黨最新民調曝光「民眾黨剩8.5%」！她斷言剩3條路：柯文哲注定掰了 - 三立新聞網SETN.com
[已推送] 台中市長國民黨初選民調出爐 江啟臣勝出 楊瓊瓔表態全力支持 - 台灣好新聞
--------------------------------------------------
候選新聞: 10 則
重複略過: 6 則
相似略過: 1 則
新增情報: 3 則
Telegram 已推送: 3 則
資料庫: political_intel.db
本次抓到 10 則候選新聞。
[已推送] 民眾黨民調暴跌！她斷言「柯文哲掰了、黃國昌無力回天」 理由曝光 - Yahoo新聞
[相似略過] 國民黨桃園議員這3區辦初選搶提名4月中旬起民調決勝負| 縣市長議員選戰| 要聞 - 聯合新聞網 | 類似於: 國民黨桃園議員這3區辦初選搶提名 4月中旬起民調決勝負 - 桃園電子報
[相似略過] 「大場面來了！」李貞秀傳拒辭立委「揚言告民眾黨中評會」...周軒指：柯文哲敢公開跟中國翻臉嗎？ - fountmedia.io | 類似於: 傳李貞秀拒辭立委揚言告民眾黨中評會 周軒：柯文哲敢公開跟中國翻臉？ - 自由時報
--------------------------------------------------
候選新聞: 10 則
重複略過: 7 則
相似略過: 2 則
新增情報: 1 則
Telegram 已推送: 1 則
資料庫: political_intel.db
本次抓到 10 則候選新聞。
[相似略過] 國民黨桃園議員這3區辦初選搶提名4月中旬起民調決勝負| 縣市長議員選戰| 要聞 - 聯合新聞網 | 類似於: 國民黨桃園議員這3區辦初選搶提名 4月中旬起民調決勝負 - 桃園電子報
[相似略過] 「大場面來了！」李貞秀傳拒辭立委「揚言告民眾黨中評會」...周軒指：柯文哲敢公開跟中國翻臉嗎？ - fountmedia.io | 類似於: 傳李貞秀拒辭立委揚言告民眾黨中評會 周軒：柯文哲敢公開跟中國翻臉？ - 自由時報
--------------------------------------------------
候選新聞: 10 則
重複略過: 8 則
相似略過: 2 則
新增情報: 0 則
Telegram 已推送: 0 則
資料庫: political_intel.db
本次抓到 10 則候選新聞。
[相似略過] 「大場面來了！」李貞秀傳拒辭立委「揚言告民眾黨中評會」...周軒指：柯文哲敢公開跟中國翻臉嗎？ - 放言Fount Media | 類似於: 傳李貞秀拒辭立委揚言告民眾黨中評會 周軒：柯文哲敢公開跟中國翻臉？ - 自由時報
[相似略過] 國民黨台中市長初選江啟臣出線 內參民調結果不公布 - 公視新聞網PNN | 類似於: 國民黨台中市長初選江啟臣出線 內參民調結果不公布 - news.pts.org.tw
--------------------------------------------------
候選新聞: 10 則
重複略過: 8 則
相似略過: 2 則
新增情報: 0 則
Telegram 已推送: 0 則
資料庫: political_intel.db
本次抓到 10 則候選新聞。
[已推送] 柯文哲遭重判有民調指民眾黨恐泡沫 黃國昌：虛心聆聽 - 聯合新聞網
[相似略過] 快新聞／民眾黨民調暴跌！她斷言「柯文哲掰了、黃國昌無力回天」 理由曝光 - 民視新聞網 | 類似於: 民眾黨民調暴跌！她斷言「柯文哲掰了、黃國昌無力回天」 理由曝光 - Yahoo新聞
[相似略過] 「大場面來了！」李貞秀傳拒辭立委「揚言告民眾黨中評會」...周軒指：柯文哲敢公開跟中國翻臉嗎？ - 放言Fount Media | 類似於: 傳李貞秀拒辭立委揚言告民眾黨中評會 周軒：柯文哲敢公開跟中國翻臉？ - 自由時報
[已推送] 最新民調慘跌破10%！逾6成認民眾黨「走向泡沫化」 黃國昌回應了 - Yahoo新聞
[相似略過] 三大黨最新民調曝光「民眾黨剩8.5%」！她斷言剩3條路：柯文哲注定掰了 - setn.com | 類似於: 三大黨最新民調曝光「民眾黨剩8.5%」！她斷言剩3條路：柯文哲注定掰了 - 三立新聞網SETN.com
[相似略過] 國民黨台中市長初選江啟臣出線 內參民調結果不公布 - 公視新聞網PNN | 類似於: 國民黨台中市長初選江啟臣出線 內參民調結果不公布 - news.pts.org.tw
--------------------------------------------------
候選新聞: 10 則
重複略過: 4 則
相似略過: 4 則
新增情報: 2 則
Telegram 已推送: 2 則
資料庫: political_intel.db
本次抓到 10 則候選新聞。
[相似略過] 快新聞／民眾黨民調暴跌！她斷言「柯文哲掰了、黃國昌無力回天」 理由曝光 - 民視新聞網 | 類似於: 民眾黨民調暴跌！她斷言「柯文哲掰了、黃國昌無力回天」 理由曝光 - Yahoo新聞
[相似略過] 「大場面來了！」李貞秀傳拒辭立委「揚言告民眾黨中評會」...周軒指：柯文哲敢公開跟中國翻臉嗎？ - 放言Fount Media | 類似於: 傳李貞秀拒辭立委揚言告民眾黨中評會 周軒：柯文哲敢公開跟中國翻臉？ - 自由時報
[相似略過] 三大黨最新民調曝光「民眾黨剩8.5%」！她斷言剩3條路：柯文哲注定掰了 - setn.com | 類似於: 三大黨最新民調曝光「民眾黨剩8.5%」！她斷言剩3條路：柯文哲注定掰了 - 三立新聞網SETN.com
[已推送] 民調／54.2%民眾不信柯文哲清白！民眾黨支持度剩8.5% 6成看衰將泡沫化 - Yahoo新聞
[相似略過] 國民黨台中市長初選江啟臣出線 內參民調結果不公布 - 公視新聞網PNN | 類似於: 國民黨台中市長初選江啟臣出線 內參民調結果不公布 - news.pts.org.tw
--------------------------------------------------
候選新聞: 10 則
重複略過: 5 則
相似略過: 4 則
新增情報: 1 則
Telegram 已推送: 1 則
資料庫: political_intel.db
本次抓到 10 則候選新聞。
[相似略過] 快新聞／民眾黨民調暴跌！她斷言「柯文哲掰了、黃國昌無力回天」 理由曝光 - 民視新聞網 | 類似於: 民眾黨民調暴跌！她斷言「柯文哲掰了、黃國昌無力回天」 理由曝光 - Yahoo新聞
[已推送] 李貞秀拒退立委、喊告中評會　張益贍：柯文哲、黃國昌要不要跟國台辦聊聊？ - 鏡週刊Mirror Media
[相似略過] 「大場面來了！」李貞秀傳拒辭立委「揚言告民眾黨中評會」...周軒指：柯文哲敢公開跟中國翻臉嗎？ - 放言Fount Media | 類似於: 傳李貞秀拒辭立委揚言告民眾黨中評會 周軒：柯文哲敢公開跟中國翻臉？ - 自由時報
[相似略過] 三大黨最新民調曝光「民眾黨剩8.5%」！她斷言剩3條路：柯文哲注定掰了 - setn.com | 類似於: 三大黨最新民調曝光「民眾黨剩8.5%」！她斷言剩3條路：柯文哲注定掰了 - 三立新聞網SETN.com
[相似略過] 國民黨台中市長初選江啟臣出線 內參民調結果不公布 - 公視新聞網PNN | 類似於: 國民黨台中市長初選江啟臣出線 內參民調結果不公布 - news.pts.org.tw
--------------------------------------------------
候選新聞: 10 則
重複略過: 5 則
相似略過: 4 則
新增情報: 1 則
Telegram 已推送: 1 則
資料庫: political_intel.db
本次抓到 10 則候選新聞。
[已推送] 民調過半不信柯文哲清白 黃國昌：虛心聆聽、不屈服執政黨打壓 - 自由時報
[相似略過] 快新聞／民眾黨民調暴跌！她斷言「柯文哲掰了、黃國昌無力回天」 理由曝光 - 民視新聞網 | 類似於: 民眾黨民調暴跌！她斷言「柯文哲掰了、黃國昌無力回天」 理由曝光 - Yahoo新聞
[相似略過] 民調過半不信柯文哲清白 黃國昌：虛心聆聽、不屈服執政黨打壓 | 類似於: 民調過半不信柯文哲清白 黃國昌：虛心聆聽、不屈服執政黨打壓 - 自由時報
[相似略過] 「大場面來了！」李貞秀傳拒辭立委「揚言告民眾黨中評會」...周軒指：柯文哲敢公開跟中國翻臉嗎？ - 放言Fount Media | 類似於: 傳李貞秀拒辭立委揚言告民眾黨中評會 周軒：柯文哲敢公開跟中國翻臉？ - 自由時報
[相似略過] 三大黨最新民調曝光「民眾黨剩8.5%」！她斷言剩3條路：柯文哲注定掰了 - setn.com | 類似於: 三大黨最新民調曝光「民眾黨剩8.5%」！她斷言剩3條路：柯文哲注定掰了 - 三立新聞網SETN.com
--------------------------------------------------
候選新聞: 10 則
重複略過: 5 則
相似略過: 4 則
新增情報: 1 則
Telegram 已推送: 1 則
資料庫: political_intel.db
本次抓到 10 則候選新聞。
[相似略過] 快新聞／民眾黨民調暴跌！她斷言「柯文哲掰了、黃國昌無力回天」 理由曝光 - 民視新聞網 | 類似於: 民眾黨民調暴跌！她斷言「柯文哲掰了、黃國昌無力回天」 理由曝光 - Yahoo新聞
[相似略過] 民調過半不信柯文哲清白 黃國昌：虛心聆聽、不屈服執政黨打壓 | 類似於: 民調過半不信柯文哲清白 黃國昌：虛心聆聽、不屈服執政黨打壓 - 自由時報
[相似略過] 「大場面來了！」李貞秀傳拒辭立委「揚言告民眾黨中評會」...周軒指：柯文哲敢公開跟中國翻臉嗎？ - 放言Fount Media | 類似於: 傳李貞秀拒辭立委揚言告民眾黨中評會 周軒：柯文哲敢公開跟中國翻臉？ - 自由時報
[相似略過] 國民黨台中市長初選江啟臣出線 內參民調結果不公布 - 公視新聞網PNN | 類似於: 國民黨台中市長初選江啟臣出線 內參民調結果不公布 - news.pts.org.tw
--------------------------------------------------
候選新聞: 10 則
重複略過: 6 則
相似略過: 4 則
新增情報: 0 則
Telegram 已推送: 0 則
資料庫: political_intel.db
本次抓到 10 則候選新聞。
[已推送] 國民黨、民進黨、民眾黨...台灣人最支持誰？最新民調結果驚人：「1政黨」認同度暴跌剩8.5% - 風傳媒
[相似略過] 快新聞／民眾黨民調暴跌！她斷言「柯文哲掰了、黃國昌無力回天」 理由曝光 - 民視新聞網 | 類似於: 民眾黨民調暴跌！她斷言「柯文哲掰了、黃國昌無力回天」 理由曝光 - Yahoo新聞
[相似略過] 民調過半不信柯文哲清白 黃國昌：虛心聆聽、不屈服執政黨打壓 | 類似於: 民調過半不信柯文哲清白 黃國昌：虛心聆聽、不屈服執政黨打壓 - 自由時報
[相似略過] 國民黨台中市長初選江啟臣出線 內參民調結果不公布 - 公視新聞網PNN | 類似於: 國民黨台中市長初選江啟臣出線 內參民調結果不公布 - news.pts.org.tw
--------------------------------------------------
候選新聞: 10 則
重複略過: 6 則
相似略過: 3 則
新增情報: 1 則
Telegram 已推送: 1 則
資料庫: political_intel.db
本次抓到 10 則候選新聞。
[相似略過] 快新聞／民眾黨民調暴跌！她斷言「柯文哲掰了、黃國昌無力回天」 理由曝光 - 民視新聞網 | 類似於: 民眾黨民調暴跌！她斷言「柯文哲掰了、黃國昌無力回天」 理由曝光 - Yahoo新聞
[相似略過] 民調過半不信柯文哲清白 黃國昌：虛心聆聽、不屈服執政黨打壓 | 類似於: 民調過半不信柯文哲清白 黃國昌：虛心聆聽、不屈服執政黨打壓 - 自由時報
[相似略過] 國民黨台中市長初選江啟臣出線 內參民調結果不公布 - 公視新聞網PNN | 類似於: 國民黨台中市長初選江啟臣出線 內參民調結果不公布 - news.pts.org.tw
--------------------------------------------------
候選新聞: 10 則
重複略過: 7 則
相似略過: 3 則
新增情報: 0 則
Telegram 已推送: 0 則
資料庫: political_intel.db
本次抓到 10 則候選新聞。
[相似略過] 快新聞／民眾黨民調暴跌！她斷言「柯文哲掰了、黃國昌無力回天」 理由曝光 - 民視新聞網 | 類似於: 民眾黨民調暴跌！她斷言「柯文哲掰了、黃國昌無力回天」 理由曝光 - Yahoo新聞
[相似略過] 民調過半不信柯文哲清白 黃國昌：虛心聆聽、不屈服執政黨打壓 | 類似於: 民調過半不信柯文哲清白 黃國昌：虛心聆聽、不屈服執政黨打壓 - 自由時報
[相似略過] 國民黨台中市長初選江啟臣出線 內參民調結果不公布 - 公視新聞網PNN | 類似於: 國民黨台中市長初選江啟臣出線 內參民調結果不公布 - news.pts.org.tw
--------------------------------------------------
候選新聞: 10 則
重複略過: 7 則
相似略過: 3 則
新增情報: 0 則
Telegram 已推送: 0 則
資料庫: political_intel.db
本次抓到 10 則候選新聞。
[相似略過] 快新聞／民眾黨民調暴跌！她斷言「柯文哲掰了、黃國昌無力回天」 理由曝光 - 民視新聞網 | 類似於: 民眾黨民調暴跌！她斷言「柯文哲掰了、黃國昌無力回天」 理由曝光 - Yahoo新聞
[相似略過] 民調過半不信柯文哲清白 黃國昌：虛心聆聽、不屈服執政黨打壓 | 類似於: 民調過半不信柯文哲清白 黃國昌：虛心聆聽、不屈服執政黨打壓 - 自由時報
[已推送] 國民黨宜蘭縣黨部發布115年縣議員暨鄉鎮市長選舉候選人提名公告 4/7起開放領表登記 - Yahoo新聞
[已推送] 評論／民眾黨泡沫化危機？震傳媒民調揭白營支持度下挫至8.5%！陳東豪：國民黨準備併購民眾黨 - zmedia.com.tw
--------------------------------------------------
候選新聞: 10 則
重複略過: 6 則
相似略過: 2 則
新增情報: 2 則
Telegram 已推送: 2 則
資料庫: political_intel.db
本次抓到 10 則候選新聞。
[相似略過] 快新聞／民眾黨民調暴跌！她斷言「柯文哲掰了、黃國昌無力回天」 理由曝光 - 民視新聞網 | 類似於: 民眾黨民調暴跌！她斷言「柯文哲掰了、黃國昌無力回天」 理由曝光 - Yahoo新聞
--------------------------------------------------
候選新聞: 10 則
重複略過: 9 則
相似略過: 1 則
新增情報: 0 則
Telegram 已推送: 0 則
資料庫: political_intel.db
本次抓到 10 則候選新聞。
[相似略過] 快新聞／民眾黨民調暴跌！她斷言「柯文哲掰了、黃國昌無力回天」 理由曝光 - 民視新聞網 | 類似於: 民眾黨民調暴跌！她斷言「柯文哲掰了、黃國昌無力回天」 理由曝光 - Yahoo新聞
[相似略過] 國民黨台中市長初選江啟臣出線 內參民調結果不公布 - 公視新聞網PNN | 類似於: 國民黨台中市長初選江啟臣出線 內參民調結果不公布 - news.pts.org.tw
--------------------------------------------------
候選新聞: 10 則
重複略過: 8 則
相似略過: 2 則
新增情報: 0 則
Telegram 已推送: 0 則
資料庫: political_intel.db
本次抓到 10 則候選新聞。
[相似略過] 柯文哲遭重判有民調指民眾黨恐泡沫 黃國昌：虛心聆聽 - udn.com | 類似於: 柯文哲遭重判有民調指民眾黨恐泡沫 黃國昌：虛心聆聽 - 聯合新聞網
[相似略過] 快新聞／民眾黨民調暴跌！她斷言「柯文哲掰了、黃國昌無力回天」 理由曝光 - 民視新聞網 | 類似於: 民眾黨民調暴跌！她斷言「柯文哲掰了、黃國昌無力回天」 理由曝光 - Yahoo新聞
[已推送] 鄭麗文訪中前盼與賴清德溝通 國民黨籲展現總統高度：我們還在等待 - Yahoo新聞
[已推送] 民調》美麗島電子報公布3月國政民調 柯文哲貪汙案重創民眾黨好感度 - Yahoo新聞
--------------------------------------------------
候選新聞: 10 則
重複略過: 6 則
相似略過: 2 則
新增情報: 2 則
Telegram 已推送: 2 則
資料庫: political_intel.db
本次抓到 10 則候選新聞。
[相似略過] 柯文哲遭重判有民調指民眾黨恐泡沫 黃國昌：虛心聆聽 - udn.com | 類似於: 柯文哲遭重判有民調指民眾黨恐泡沫 黃國昌：虛心聆聽 - 聯合新聞網
[相似略過] 快新聞／民眾黨民調暴跌！她斷言「柯文哲掰了、黃國昌無力回天」 理由曝光 - 民視新聞網 | 類似於: 民眾黨民調暴跌！她斷言「柯文哲掰了、黃國昌無力回天」 理由曝光 - Yahoo新聞
--------------------------------------------------
候選新聞: 10 則
重複略過: 8 則
相似略過: 2 則
新增情報: 0 則
Telegram 已推送: 0 則
資料庫: political_intel.db
本次抓到 10 則候選新聞。
[相似略過] 柯文哲遭重判有民調指民眾黨恐泡沫 黃國昌：虛心聆聽 - udn.com | 類似於: 柯文哲遭重判有民調指民眾黨恐泡沫 黃國昌：虛心聆聽 - 聯合新聞網
[相似略過] 快新聞／民眾黨民調暴跌！她斷言「柯文哲掰了、黃國昌無力回天」 理由曝光 - 民視新聞網 | 類似於: 民眾黨民調暴跌！她斷言「柯文哲掰了、黃國昌無力回天」 理由曝光 - Yahoo新聞
[相似略過] 國民黨宜蘭縣黨部發布115年縣議員暨鄉鎮市長選舉候選人提名公告 4/7起開放領表登記 - tw.news.yahoo.com | 類似於: 國民黨宜蘭縣黨部發布115年縣議員暨鄉鎮市長選舉候選人提名公告 4/7起開放領表登記 - Yahoo新聞
[相似略過] 鄭麗文訪中前盼與賴清德溝通 國民黨籲展現總統高度：我們還在等待 - tw.news.yahoo.com | 類似於: 鄭麗文訪中前盼與賴清德溝通 國民黨籲展現總統高度：我們還在等待 - Yahoo新聞
[相似略過] 民調》美麗島電子報公布3月國政民調 柯文哲貪汙案重創民眾黨好感度 - tw.news.yahoo.com | 類似於: 民調》美麗島電子報公布3月國政民調 柯文哲貪汙案重創民眾黨好感度 - Yahoo新聞
--------------------------------------------------
候選新聞: 10 則
重複略過: 5 則
相似略過: 5 則
新增情報: 0 則
Telegram 已推送: 0 則
資料庫: political_intel.db
本次抓到 10 則候選新聞。
[已推送] 最新民調／政黨支持度出爐：綠奪43.6％大勝藍白民眾黨反感度三黨最高| 政治 - 三立新聞網SETN.com
[相似略過] 國民黨宜蘭縣黨部發布115年縣議員暨鄉鎮市長選舉候選人提名公告 4/7起開放領表登記 - tw.news.yahoo.com | 類似於: 國民黨宜蘭縣黨部發布115年縣議員暨鄉鎮市長選舉候選人提名公告 4/7起開放領表登記 - Yahoo新聞
[相似略過] 鄭麗文訪中前盼與賴清德溝通 國民黨籲展現總統高度：我們還在等待 - tw.news.yahoo.com | 類似於: 鄭麗文訪中前盼與賴清德溝通 國民黨籲展現總統高度：我們還在等待 - Yahoo新聞
[相似略過] 民調》美麗島電子報公布3月國政民調 柯文哲貪汙案重創民眾黨好感度 - tw.news.yahoo.com | 類似於: 民調》美麗島電子報公布3月國政民調 柯文哲貪汙案重創民眾黨好感度 - Yahoo新聞
--------------------------------------------------
候選新聞: 10 則
重複略過: 6 則
相似略過: 3 則
新增情報: 1 則
Telegram 已推送: 1 則
資料庫: political_intel.db
本次抓到 10 則候選新聞。
[相似略過] 最新民調／政黨支持度出爐：綠奪43.6％大勝藍白　民眾黨反感度三黨最高 - 三立新聞網SETN.com | 類似於: 最新民調／政黨支持度出爐：綠奪43.6％大勝藍白民眾黨反感度三黨最高| 政治 - 三立新聞網SETN.com
[相似略過] 國民黨宜蘭縣黨部發布115年縣議員暨鄉鎮市長選舉候選人提名公告 4/7起開放領表登記 - tw.news.yahoo.com | 類似於: 國民黨宜蘭縣黨部發布115年縣議員暨鄉鎮市長選舉候選人提名公告 4/7起開放領表登記 - Yahoo新聞
[相似略過] 鄭麗文訪中前盼與賴清德溝通 國民黨籲展現總統高度：我們還在等待 - tw.news.yahoo.com | 類似於: 鄭麗文訪中前盼與賴清德溝通 國民黨籲展現總統高度：我們還在等待 - Yahoo新聞
[相似略過] 最新民調／政黨支持度出爐：綠奪43.6％大勝藍白　民眾黨反感度三黨最高 - 三立新聞網SETN.com | 類似於: 最新民調／政黨支持度出爐：綠奪43.6％大勝藍白民眾黨反感度三黨最高| 政治 - 三立新聞網SETN.com
[相似略過] 民調》美麗島電子報公布3月國政民調 柯文哲貪汙案重創民眾黨好感度 - tw.news.yahoo.com | 類似於: 民調》美麗島電子報公布3月國政民調 柯文哲貪汙案重創民眾黨好感度 - Yahoo新聞
[已推送] 【美麗島民調】柯文哲不信任度暴增至64.7% 「藍白合」仍慘輸民進黨 - 上報Up Media
--------------------------------------------------
候選新聞: 10 則
重複略過: 4 則
相似略過: 5 則
新增情報: 1 則
Telegram 已推送: 1 則
資料庫: political_intel.db
本次抓到 10 則候選新聞。
[相似略過] 最新民調／政黨支持度出爐：綠奪43.6％大勝藍白　民眾黨反感度三黨最高 - 三立新聞網SETN.com | 類似於: 最新民調／政黨支持度出爐：綠奪43.6％大勝藍白民眾黨反感度三黨最高| 政治 - 三立新聞網SETN.com
[相似略過] 國民黨宜蘭縣黨部發布115年縣議員暨鄉鎮市長選舉候選人提名公告 4/7起開放領表登記 - tw.news.yahoo.com | 類似於: 國民黨宜蘭縣黨部發布115年縣議員暨鄉鎮市長選舉候選人提名公告 4/7起開放領表登記 - Yahoo新聞
[相似略過] 鄭麗文訪中前盼與賴清德溝通 國民黨籲展現總統高度：我們還在等待 - tw.news.yahoo.com | 類似於: 鄭麗文訪中前盼與賴清德溝通 國民黨籲展現總統高度：我們還在等待 - Yahoo新聞
[相似略過] 最新民調／政黨支持度出爐：綠奪43.6％大勝藍白　民眾黨反感度三黨最高 - 三立新聞網SETN.com | 類似於: 最新民調／政黨支持度出爐：綠奪43.6％大勝藍白民眾黨反感度三黨最高| 政治 - 三立新聞網SETN.com
[相似略過] 民調》美麗島電子報公布3月國政民調 柯文哲貪汙案重創民眾黨好感度 - tw.news.yahoo.com | 類似於: 民調》美麗島電子報公布3月國政民調 柯文哲貪汙案重創民眾黨好感度 - Yahoo新聞
[相似略過] 國民黨台中市長初選江啟臣出線 內參民調結果不公布 - 公視新聞網PNN | 類似於: 國民黨台中市長初選江啟臣出線 內參民調結果不公布 - news.pts.org.tw
--------------------------------------------------
候選新聞: 10 則
重複略過: 4 則
相似略過: 6 則
新增情報: 0 則
Telegram 已推送: 0 則
資料庫: political_intel.db
每日戰情報告已推送。
本次抓到 10 則候選新聞。
[相似略過] 最新民調／政黨支持度出爐：綠奪43.6％大勝藍白　民眾黨反感度三黨最高 - 三立新聞網SETN.com | 類似於: 最新民調／政黨支持度出爐：綠奪43.6％大勝藍白民眾黨反感度三黨最高| 政治 - 三立新聞網SETN.com
[相似略過] 最新民調／政黨支持度出爐：綠奪43.6％大勝藍白　民眾黨反感度三黨最高 - 三立新聞網SETN.com | 類似於: 最新民調／政黨支持度出爐：綠奪43.6％大勝藍白民眾黨反感度三黨最高| 政治 - 三立新聞網SETN.com
--------------------------------------------------
候選新聞: 10 則
重複略過: 8 則
相似略過: 2 則
新增情報: 0 則
Telegram 已推送: 0 則
資料庫: political_intel.db
本次抓到 10 則候選新聞。
[相似略過] 最新民調／政黨支持度出爐：綠奪43.6％大勝藍白　民眾黨反感度三黨最高 - 三立新聞網SETN.com | 類似於: 最新民調／政黨支持度出爐：綠奪43.6％大勝藍白民眾黨反感度三黨最高| 政治 - 三立新聞網SETN.com
[相似略過] 最新民調／政黨支持度出爐：綠奪43.6％大勝藍白　民眾黨反感度三黨最高 - 三立新聞網SETN.com | 類似於: 最新民調／政黨支持度出爐：綠奪43.6％大勝藍白民眾黨反感度三黨最高| 政治 - 三立新聞網SETN.com
--------------------------------------------------
候選新聞: 10 則
重複略過: 8 則
相似略過: 2 則
新增情報: 0 則
Telegram 已推送: 0 則
資料庫: political_intel.db
本次抓到 10 則候選新聞。
[相似略過] 最新民調／政黨支持度出爐：綠奪43.6％大勝藍白　民眾黨反感度三黨最高 - 三立新聞網SETN.com | 類似於: 最新民調／政黨支持度出爐：綠奪43.6％大勝藍白民眾黨反感度三黨最高| 政治 - 三立新聞網SETN.com
[已推送] 美麗島民調／重判17年柯文哲信任度跌至24.4% 民眾黨反感度陡升 - Yahoo新聞
--------------------------------------------------
候選新聞: 10 則
重複略過: 8 則
相似略過: 1 則
新增情報: 1 則
Telegram 已推送: 1 則
資料庫: political_intel.db
本次抓到 10 則候選新聞。
[相似略過] 最新民調／政黨支持度出爐：綠奪43.6％大勝藍白　民眾黨反感度三黨最高 - 三立新聞網SETN.com | 類似於: 最新民調／政黨支持度出爐：綠奪43.6％大勝藍白民眾黨反感度三黨最高| 政治 - 三立新聞網SETN.com
[已推送] 藍通過年底選舉「黨員行為規範」 國民黨縣市長可跨黨為民眾黨議員參選人輔選| 政治焦點 - 太報 TaiSounds
[相似略過] 最新民調／政黨支持度出爐：綠奪43.6％大勝藍白　民眾黨反感度三黨最高 - 三立新聞網SETN.com | 類似於: 最新民調／政黨支持度出爐：綠奪43.6％大勝藍白民眾黨反感度三黨最高| 政治 - 三立新聞網SETN.com
--------------------------------------------------
候選新聞: 10 則
重複略過: 7 則
相似略過: 2 則
新增情報: 1 則
Telegram 已推送: 1 則
資料庫: political_intel.db
本次抓到 10 則候選新聞。
[已推送] 民調6成看衰民眾黨！作家提「這人」豬羊變色：再選舉沒敵手 - NOWnews今日新聞
[相似略過] 柯文哲重判，民眾黨泡沫化？作家提她二審翻盤「支持度回血」：再選舉沒敵手| 風傳媒 - LINE TODAY | 類似於: 柯文哲重判，民眾黨泡沫化？作家提她二審翻盤「支持度回血」：再選舉沒敵手 | 李瑋萱 | 新聞 - 風傳媒
[相似略過] 柯文哲不信任度達64.7%！美麗島民調：國民黨藍白合仍慘輸民進黨 - Newtalk新聞 | 類似於: 柯文哲不信任度達64.7%！美麗島民調：國民黨藍白合仍慘輸民進黨| 政治 - Newtalk新聞
Traceback (most recent call last):
  File "/Users/wangpindun/python_project/新聞.py", line 893, in <module>
    run_monitor_with_options(ignore_dedupe=args.ignore_dedupe)
  File "/Users/wangpindun/python_project/新聞.py", line 843, in run_monitor_with_options
    article_id = save_article(conn, item, analysis)
  File "/Users/wangpindun/python_project/新聞.py", line 635, in save_article
    cursor = conn.execute(
sqlite3.IntegrityError: UNIQUE constraint failed: articles.dedupe_key
本次抓到 10 則候選新聞。
[相似略過] 柯文哲重判，民眾黨泡沫化？作家提她二審翻盤「支持度回血」：再選舉沒敵手| 風傳媒 - LINE TODAY | 類似於: 柯文哲重判，民眾黨泡沫化？作家提她二審翻盤「支持度回血」：再選舉沒敵手 | 李瑋萱 | 新聞 - 風傳媒
[相似略過] 柯文哲不信任度達64.7%！美麗島民調：國民黨藍白合仍慘輸民進黨 - Newtalk新聞 | 類似於: 柯文哲不信任度達64.7%！美麗島民調：國民黨藍白合仍慘輸民進黨| 政治 - Newtalk新聞
[已推送] 最新民調／賴清德支持度民調出爐：「1縣市」最不滿，不滿意度高達50%， 原因曝光 - 風傳媒
[相似略過] 民調／54.2%民眾不信柯文哲清白！民眾黨支持度剩8.5%　6成看衰將泡沫化 - 三立新聞網 | 類似於: 民調／54.2%民眾不信柯文哲清白！民眾黨支持度剩8.5% 6成看衰將泡沫化 - Yahoo新聞
[已推送] 民思民調「港府滿意度跌」 分析：料關黎案、宏福苑大火| 兩岸要聞| 兩岸 - 聯合新聞網
--------------------------------------------------
候選新聞: 10 則
重複略過: 5 則
相似略過: 3 則
新增情報: 2 則
Telegram 已推送: 2 則
資料庫: political_intel.db
本次抓到 10 則候選新聞。
[相似略過] 柯文哲重判，民眾黨泡沫化？作家提她二審翻盤「支持度回血」：再選舉沒敵手| 風傳媒 - LINE TODAY | 類似於: 柯文哲重判，民眾黨泡沫化？作家提她二審翻盤「支持度回血」：再選舉沒敵手 | 李瑋萱 | 新聞 - 風傳媒
[相似略過] 柯文哲不信任度達64.7%！美麗島民調：國民黨藍白合仍慘輸民進黨 - Newtalk新聞 | 類似於: 柯文哲不信任度達64.7%！美麗島民調：國民黨藍白合仍慘輸民進黨| 政治 - Newtalk新聞
[相似略過] 民調／54.2%民眾不信柯文哲清白！民眾黨支持度剩8.5%　6成看衰將泡沫化 - 三立新聞網 | 類似於: 民調／54.2%民眾不信柯文哲清白！民眾黨支持度剩8.5% 6成看衰將泡沫化 - Yahoo新聞
--------------------------------------------------
候選新聞: 10 則
重複略過: 7 則
相似略過: 3 則
新增情報: 0 則
Telegram 已推送: 0 則
資料庫: political_intel.db
本次抓到 10 則候選新聞。
[已推送] 民進黨：國安零容忍，國民黨才是放縱共諜的政黨 - dpp.org.tw
[相似略過] 柯文哲重判，民眾黨泡沫化？作家提她二審翻盤「支持度回血」：再選舉沒敵手| 風傳媒 - LINE TODAY | 類似於: 柯文哲重判，民眾黨泡沫化？作家提她二審翻盤「支持度回血」：再選舉沒敵手 | 李瑋萱 | 新聞 - 風傳媒
[相似略過] 柯文哲不信任度達64.7%！美麗島民調：國民黨藍白合仍慘輸民進黨 - Newtalk新聞 | 類似於: 柯文哲不信任度達64.7%！美麗島民調：國民黨藍白合仍慘輸民進黨| 政治 - Newtalk新聞
--------------------------------------------------
候選新聞: 10 則
重複略過: 7 則
相似略過: 2 則
新增情報: 1 則
Telegram 已推送: 1 則
資料庫: political_intel.db
本次抓到 10 則候選新聞。
[相似略過] 柯文哲重判，民眾黨泡沫化？作家提她二審翻盤「支持度回血」：再選舉沒敵手 | 風傳媒 - LINE TODAY | 類似於: 柯文哲重判，民眾黨泡沫化？作家提她二審翻盤「支持度回血」：再選舉沒敵手 | 李瑋萱 | 新聞 - 風傳媒
[相似略過] 柯文哲不信任度達64.7%！美麗島民調：國民黨藍白合仍慘輸民進黨 - Newtalk新聞 | 類似於: 柯文哲不信任度達64.7%！美麗島民調：國民黨藍白合仍慘輸民進黨| 政治 - Newtalk新聞
[相似略過] 民調／54.2%民眾不信柯文哲清白！民眾黨支持度剩8.5%　6成看衰將泡沫化 - 三立新聞網 | 類似於: 民調／54.2%民眾不信柯文哲清白！民眾黨支持度剩8.5% 6成看衰將泡沫化 - Yahoo新聞
--------------------------------------------------
候選新聞: 10 則
重複略過: 7 則
相似略過: 3 則
新增情報: 0 則
Telegram 已推送: 0 則
資料庫: political_intel.db
本次抓到 10 則候選新聞。
[相似略過] 柯文哲重判，民眾黨泡沫化？作家提她二審翻盤「支持度回血」：再選舉沒敵手 | 風傳媒 - LINE TODAY | 類似於: 柯文哲重判，民眾黨泡沫化？作家提她二審翻盤「支持度回血」：再選舉沒敵手 | 李瑋萱 | 新聞 - 風傳媒
[相似略過] 民調／54.2%民眾不信柯文哲清白！民眾黨支持度剩8.5%　6成看衰將泡沫化 - 三立新聞網 | 類似於: 民調／54.2%民眾不信柯文哲清白！民眾黨支持度剩8.5% 6成看衰將泡沫化 - Yahoo新聞
--------------------------------------------------
候選新聞: 10 則
重複略過: 8 則
相似略過: 2 則
新增情報: 0 則
Telegram 已推送: 0 則
資料庫: political_intel.db
本次抓到 10 則候選新聞。
[相似略過] 柯文哲重判，民眾黨泡沫化？作家提她二審翻盤「支持度回血」：再選舉沒敵手 | 風傳媒 - LINE TODAY | 類似於: 柯文哲重判，民眾黨泡沫化？作家提她二審翻盤「支持度回血」：再選舉沒敵手 | 李瑋萱 | 新聞 - 風傳媒
[相似略過] 民調／54.2%民眾不信柯文哲清白！民眾黨支持度剩8.5%　6成看衰將泡沫化 - 三立新聞網 | 類似於: 民調／54.2%民眾不信柯文哲清白！民眾黨支持度剩8.5% 6成看衰將泡沫化 - Yahoo新聞
--------------------------------------------------
候選新聞: 10 則
重複略過: 8 則
相似略過: 2 則
新增情報: 0 則
Telegram 已推送: 0 則
資料庫: political_intel.db
本次抓到 10 則候選新聞。
[相似略過] 柯文哲重判，民眾黨泡沫化？作家提她二審翻盤「支持度回血」：再選舉沒敵手 | 風傳媒 - LINE TODAY | 類似於: 柯文哲重判，民眾黨泡沫化？作家提她二審翻盤「支持度回血」：再選舉沒敵手 | 李瑋萱 | 新聞 - 風傳媒
[相似略過] 民調／54.2%民眾不信柯文哲清白！民眾黨支持度剩8.5%　6成看衰將泡沫化 - 三立新聞網 | 類似於: 民調／54.2%民眾不信柯文哲清白！民眾黨支持度剩8.5% 6成看衰將泡沫化 - Yahoo新聞
--------------------------------------------------
候選新聞: 10 則
重複略過: 8 則
相似略過: 2 則
新增情報: 0 則
Telegram 已推送: 0 則
資料庫: political_intel.db
本次抓到 10 則候選新聞。
[相似略過] 柯文哲重判，民眾黨泡沫化？作家提她二審翻盤「支持度回血」：再選舉沒敵手 | 李瑋萱 | 新聞 - storm.mg | 類似於: 柯文哲重判，民眾黨泡沫化？作家提她二審翻盤「支持度回血」：再選舉沒敵手 | 李瑋萱 | 新聞 - 風傳媒
[相似略過] 柯文哲重判，民眾黨泡沫化？作家提她二審翻盤「支持度回血」：再選舉沒敵手 | 風傳媒 - LINE TODAY | 類似於: 柯文哲重判，民眾黨泡沫化？作家提她二審翻盤「支持度回血」：再選舉沒敵手 | 李瑋萱 | 新聞 - 風傳媒
[相似略過] 最新民調／賴清德支持度民調出爐：「1縣市」最不滿，不滿意度高達50%， 原因曝光 - storm.mg | 類似於: 最新民調／賴清德支持度民調出爐：「1縣市」最不滿，不滿意度高達50%， 原因曝光 - 風傳媒
[相似略過] 民調／54.2%民眾不信柯文哲清白！民眾黨支持度剩8.5%　6成看衰將泡沫化 - 三立新聞網 | 類似於: 民調／54.2%民眾不信柯文哲清白！民眾黨支持度剩8.5% 6成看衰將泡沫化 - Yahoo新聞
[相似略過] 最新民調／政黨支持度出爐：綠奪43.6％大勝藍白　民眾黨反感度三黨最高 - 三立新聞網 | 類似於: 最新民調／政黨支持度出爐：綠奪43.6％大勝藍白民眾黨反感度三黨最高| 政治 - 三立新聞網SETN.com
--------------------------------------------------
候選新聞: 10 則
重複略過: 5 則
相似略過: 5 則
新增情報: 0 則
Telegram 已推送: 0 則
資料庫: political_intel.db
本次抓到 10 則候選新聞。
[相似略過] 柯文哲重判，民眾黨泡沫化？作家提她二審翻盤「支持度回血」：再選舉沒敵手 | 風傳媒 - LINE TODAY | 類似於: 柯文哲重判，民眾黨泡沫化？作家提她二審翻盤「支持度回血」：再選舉沒敵手 | 李瑋萱 | 新聞 - 風傳媒
[相似略過] 民調／54.2%民眾不信柯文哲清白！民眾黨支持度剩8.5%　6成看衰將泡沫化 - 三立新聞網 | 類似於: 民調／54.2%民眾不信柯文哲清白！民眾黨支持度剩8.5% 6成看衰將泡沫化 - Yahoo新聞
[相似略過] 最新民調／政黨支持度出爐：綠奪43.6％大勝藍白　民眾黨反感度三黨最高 - 三立新聞網 | 類似於: 最新民調／政黨支持度出爐：綠奪43.6％大勝藍白民眾黨反感度三黨最高| 政治 - 三立新聞網SETN.com
--------------------------------------------------
候選新聞: 10 則
重複略過: 7 則
相似略過: 3 則
新增情報: 0 則
Telegram 已推送: 0 則
資料庫: political_intel.db
本次抓到 10 則候選新聞。
[相似略過] 柯文哲重判，民眾黨泡沫化？作家提她二審翻盤「支持度回血」：再選舉沒敵手 | 風傳媒 - LINE TODAY | 類似於: 柯文哲重判，民眾黨泡沫化？作家提她二審翻盤「支持度回血」：再選舉沒敵手 | 李瑋萱 | 新聞 - 風傳媒
[相似略過] 民調／54.2%民眾不信柯文哲清白！民眾黨支持度剩8.5%　6成看衰將泡沫化 - 三立新聞網 | 類似於: 民調／54.2%民眾不信柯文哲清白！民眾黨支持度剩8.5% 6成看衰將泡沫化 - Yahoo新聞
--------------------------------------------------
候選新聞: 10 則
重複略過: 8 則
相似略過: 2 則
新增情報: 0 則
Telegram 已推送: 0 則
資料庫: political_intel.db
本次抓到 10 則候選新聞。
[相似略過] 柯文哲重判，民眾黨泡沫化？作家提她二審翻盤「支持度回血」：再選舉沒敵手 | 風傳媒 - LINE TODAY | 類似於: 柯文哲重判，民眾黨泡沫化？作家提她二審翻盤「支持度回血」：再選舉沒敵手 | 李瑋萱 | 新聞 - 風傳媒
[相似略過] 民調／54.2%民眾不信柯文哲清白！民眾黨支持度剩8.5%　6成看衰將泡沫化 - 三立新聞網 | 類似於: 民調／54.2%民眾不信柯文哲清白！民眾黨支持度剩8.5% 6成看衰將泡沫化 - Yahoo新聞
[相似略過] 最新民調／政黨支持度出爐：綠奪43.6％大勝藍白　民眾黨反感度三黨最高 - 三立新聞網 | 類似於: 最新民調／政黨支持度出爐：綠奪43.6％大勝藍白民眾黨反感度三黨最高| 政治 - 三立新聞網SETN.com
--------------------------------------------------
候選新聞: 10 則
重複略過: 7 則
相似略過: 3 則
新增情報: 0 則
Telegram 已推送: 0 則
資料庫: political_intel.db
本次抓到 10 則候選新聞。
[相似略過] 柯文哲重判，民眾黨泡沫化？作家提她二審翻盤「支持度回血」：再選舉沒敵手 | 風傳媒 - LINE TODAY | 類似於: 柯文哲重判，民眾黨泡沫化？作家提她二審翻盤「支持度回血」：再選舉沒敵手 | 李瑋萱 | 新聞 - 風傳媒
[相似略過] 民調／54.2%民眾不信柯文哲清白！民眾黨支持度剩8.5%　6成看衰將泡沫化 - 三立新聞網 | 類似於: 民調／54.2%民眾不信柯文哲清白！民眾黨支持度剩8.5% 6成看衰將泡沫化 - Yahoo新聞
--------------------------------------------------
候選新聞: 10 則
重複略過: 8 則
相似略過: 2 則
新增情報: 0 則
Telegram 已推送: 0 則
資料庫: political_intel.db
本次抓到 10 則候選新聞。
[相似略過] 柯文哲重判，民眾黨泡沫化？作家提她二審翻盤「支持度回血」：再選舉沒敵手 | 風傳媒 - LINE TODAY | 類似於: 柯文哲重判，民眾黨泡沫化？作家提她二審翻盤「支持度回血」：再選舉沒敵手 | 李瑋萱 | 新聞 - 風傳媒
[相似略過] 民調／54.2%民眾不信柯文哲清白！民眾黨支持度剩8.5%　6成看衰將泡沫化 - 三立新聞網 | 類似於: 民調／54.2%民眾不信柯文哲清白！民眾黨支持度剩8.5% 6成看衰將泡沫化 - Yahoo新聞
[相似略過] 最新民調／政黨支持度出爐：綠奪43.6％大勝藍白　民眾黨反感度三黨最高 - 三立新聞網 | 類似於: 最新民調／政黨支持度出爐：綠奪43.6％大勝藍白民眾黨反感度三黨最高| 政治 - 三立新聞網SETN.com
--------------------------------------------------
候選新聞: 10 則
重複略過: 7 則
相似略過: 3 則
新增情報: 0 則
Telegram 已推送: 0 則
資料庫: political_intel.db
本次抓到 10 則候選新聞。
[相似略過] 柯文哲重判，民眾黨泡沫化？作家提她二審翻盤「支持度回血」：再選舉沒敵手 | 風傳媒 - LINE TODAY | 類似於: 柯文哲重判，民眾黨泡沫化？作家提她二審翻盤「支持度回血」：再選舉沒敵手 | 李瑋萱 | 新聞 - 風傳媒
[相似略過] 民調／54.2%民眾不信柯文哲清白！民眾黨支持度剩8.5%　6成看衰將泡沫化 - 三立新聞網 | 類似於: 民調／54.2%民眾不信柯文哲清白！民眾黨支持度剩8.5% 6成看衰將泡沫化 - Yahoo新聞
--------------------------------------------------
候選新聞: 10 則
重複略過: 8 則
相似略過: 2 則
新增情報: 0 則
Telegram 已推送: 0 則
資料庫: political_intel.db
本次抓到 10 則候選新聞。
[相似略過] 柯文哲重判，民眾黨泡沫化？作家提她二審翻盤「支持度回血」：再選舉沒敵手 | 風傳媒 - LINE TODAY | 類似於: 柯文哲重判，民眾黨泡沫化？作家提她二審翻盤「支持度回血」：再選舉沒敵手 | 李瑋萱 | 新聞 - 風傳媒
[相似略過] 民調／54.2%民眾不信柯文哲清白！民眾黨支持度剩8.5%　6成看衰將泡沫化 - 三立新聞網 | 類似於: 民調／54.2%民眾不信柯文哲清白！民眾黨支持度剩8.5% 6成看衰將泡沫化 - Yahoo新聞
--------------------------------------------------
候選新聞: 10 則
重複略過: 8 則
相似略過: 2 則
新增情報: 0 則
Telegram 已推送: 0 則
資料庫: political_intel.db
本次抓到 10 則候選新聞。
[相似略過] 柯文哲重判，民眾黨泡沫化？作家提她二審翻盤「支持度回血」：再選舉沒敵手 | 風傳媒 - LINE TODAY | 類似於: 柯文哲重判，民眾黨泡沫化？作家提她二審翻盤「支持度回血」：再選舉沒敵手 | 李瑋萱 | 新聞 - 風傳媒
[相似略過] 民調／54.2%民眾不信柯文哲清白！民眾黨支持度剩8.5%　6成看衰將泡沫化 - 三立新聞網 | 類似於: 民調／54.2%民眾不信柯文哲清白！民眾黨支持度剩8.5% 6成看衰將泡沫化 - Yahoo新聞
[相似略過] 最新民調／政黨支持度出爐：綠奪43.6％大勝藍白　民眾黨反感度三黨最高 - 三立新聞網 | 類似於: 最新民調／政黨支持度出爐：綠奪43.6％大勝藍白民眾黨反感度三黨最高| 政治 - 三立新聞網SETN.com
--------------------------------------------------
候選新聞: 10 則
重複略過: 7 則
相似略過: 3 則
新增情報: 0 則
Telegram 已推送: 0 則
資料庫: political_intel.db
本次抓到 10 則候選新聞。
[相似略過] 柯文哲重判，民眾黨泡沫化？作家提她二審翻盤「支持度回血」：再選舉沒敵手 | 風傳媒 - LINE TODAY | 類似於: 柯文哲重判，民眾黨泡沫化？作家提她二審翻盤「支持度回血」：再選舉沒敵手 | 李瑋萱 | 新聞 - 風傳媒
[相似略過] 民調／54.2%民眾不信柯文哲清白！民眾黨支持度剩8.5%　6成看衰將泡沫化 - 三立新聞網 | 類似於: 民調／54.2%民眾不信柯文哲清白！民眾黨支持度剩8.5% 6成看衰將泡沫化 - Yahoo新聞
--------------------------------------------------
候選新聞: 10 則
重複略過: 8 則
相似略過: 2 則
新增情報: 0 則
Telegram 已推送: 0 則
資料庫: political_intel.db
本次抓到 10 則候選新聞。
[相似略過] 柯文哲重判，民眾黨泡沫化？作家提她二審翻盤「支持度回血」：再選舉沒敵手 | 風傳媒 - LINE TODAY | 類似於: 柯文哲重判，民眾黨泡沫化？作家提她二審翻盤「支持度回血」：再選舉沒敵手 | 李瑋萱 | 新聞 - 風傳媒
[相似略過] 民調／54.2%民眾不信柯文哲清白！民眾黨支持度剩8.5%　6成看衰將泡沫化 - 三立新聞網 | 類似於: 民調／54.2%民眾不信柯文哲清白！民眾黨支持度剩8.5% 6成看衰將泡沫化 - Yahoo新聞
--------------------------------------------------
候選新聞: 10 則
重複略過: 8 則
相似略過: 2 則
新增情報: 0 則
Telegram 已推送: 0 則
資料庫: political_intel.db
本次抓到 10 則候選新聞。
[相似略過] 民調6成看衰民眾黨！作家提「這人」豬羊變色：再選舉沒敵手 - nownews.com | 類似於: 民調6成看衰民眾黨！作家提「這人」豬羊變色：再選舉沒敵手 - NOWnews今日新聞
[相似略過] 柯文哲重判，民眾黨泡沫化？作家提她二審翻盤「支持度回血」：再選舉沒敵手 | 風傳媒 - LINE TODAY | 類似於: 柯文哲重判，民眾黨泡沫化？作家提她二審翻盤「支持度回血」：再選舉沒敵手 | 李瑋萱 | 新聞 - 風傳媒
[相似略過] 民調／54.2%民眾不信柯文哲清白！民眾黨支持度剩8.5%　6成看衰將泡沫化 - 三立新聞網 | 類似於: 民調／54.2%民眾不信柯文哲清白！民眾黨支持度剩8.5% 6成看衰將泡沫化 - Yahoo新聞
--------------------------------------------------
候選新聞: 10 則
重複略過: 7 則
相似略過: 3 則
新增情報: 0 則
Telegram 已推送: 0 則
資料庫: political_intel.db
本次抓到 10 則候選新聞。
[相似略過] 柯文哲重判，民眾黨泡沫化？作家提她二審翻盤「支持度回血」：再選舉沒敵手 | 風傳媒 - LINE TODAY | 類似於: 柯文哲重判，民眾黨泡沫化？作家提她二審翻盤「支持度回血」：再選舉沒敵手 | 李瑋萱 | 新聞 - 風傳媒
--------------------------------------------------
候選新聞: 10 則
重複略過: 9 則
相似略過: 1 則
新增情報: 0 則
Telegram 已推送: 0 則
資料庫: political_intel.db
本次抓到 10 則候選新聞。
[已推送] 民調／54.2%民眾不信柯文哲清白！民眾黨支持度剩8.5%　6成看衰將泡沫化 - 三立新聞網
[已推送] 最新民調／政黨支持度出爐：綠奪43.6％大勝藍白　民眾黨反感度三黨最高 - 三立新聞網
--------------------------------------------------
候選新聞: 10 則
重複略過: 8 則
相似略過: 0 則
新增情報: 2 則
Telegram 已推送: 2 則
資料庫: political_intel.db
本次抓到 10 則候選新聞。
--------------------------------------------------
候選新聞: 10 則
重複略過: 10 則
相似略過: 0 則
新增情報: 0 則
Telegram 已推送: 0 則
資料庫: political_intel.db
本次抓到 10 則候選新聞。
--------------------------------------------------
候選新聞: 10 則
重複略過: 10 則
相似略過: 0 則
新增情報: 0 則
Telegram 已推送: 0 則
資料庫: political_intel.db
本次抓到 10 則候選新聞。
--------------------------------------------------
候選新聞: 10 則
重複略過: 10 則
相似略過: 0 則
新增情報: 0 則
Telegram 已推送: 0 則
資料庫: political_intel.db
本次抓到 10 則候選新聞。
--------------------------------------------------
候選新聞: 10 則
重複略過: 10 則
相似略過: 0 則
新增情報: 0 則
Telegram 已推送: 0 則
資料庫: political_intel.db
本次抓到 10 則候選新聞。
--------------------------------------------------
候選新聞: 10 則
重複略過: 10 則
相似略過: 0 則
新增情報: 0 則
Telegram 已推送: 0 則
資料庫: political_intel.db
本次抓到 10 則候選新聞。
--------------------------------------------------
候選新聞: 10 則
重複略過: 10 則
相似略過: 0 則
新增情報: 0 則
Telegram 已推送: 0 則
資料庫: political_intel.db
本次抓到 10 則候選新聞。
--------------------------------------------------
候選新聞: 10 則
重複略過: 10 則
相似略過: 0 則
新增情報: 0 則
Telegram 已推送: 0 則
資料庫: political_intel.db
本次抓到 10 則候選新聞。
--------------------------------------------------
候選新聞: 10 則
重複略過: 10 則
相似略過: 0 則
新增情報: 0 則
Telegram 已推送: 0 則
資料庫: political_intel.db
本次抓到 10 則候選新聞。
[相似略過] 柯文哲不信任度達64.7%！美麗島民調：國民黨藍白合仍慘輸民進黨| 政治 - newtalk.tw | 類似於: 柯文哲不信任度達64.7%！美麗島民調：國民黨藍白合仍慘輸民進黨| 政治 - Newtalk新聞
--------------------------------------------------
候選新聞: 10 則
重複略過: 9 則
相似略過: 1 則
新增情報: 0 則
Telegram 已推送: 0 則
資料庫: political_intel.db
本次抓到 10 則候選新聞。
[相似略過] 柯文哲不信任度達64.7%！美麗島民調：國民黨藍白合仍慘輸民進黨| 政治 - newtalk.tw | 類似於: 柯文哲不信任度達64.7%！美麗島民調：國民黨藍白合仍慘輸民進黨| 政治 - Newtalk新聞
[已推送] 最新民調！賴清德滿意度死亡交叉 6成認為民眾黨恐泡沫化 - news.ebc.net.tw
--------------------------------------------------
候選新聞: 10 則
重複略過: 8 則
相似略過: 1 則
新增情報: 1 則
Telegram 已推送: 1 則
資料庫: political_intel.db
本次抓到 10 則候選新聞。
[相似略過] 柯文哲不信任度達64.7%！美麗島民調：國民黨藍白合仍慘輸民進黨| 政治 - newtalk.tw | 類似於: 柯文哲不信任度達64.7%！美麗島民調：國民黨藍白合仍慘輸民進黨| 政治 - Newtalk新聞
--------------------------------------------------
候選新聞: 10 則
重複略過: 9 則
相似略過: 1 則
新增情報: 0 則
Telegram 已推送: 0 則
資料庫: political_intel.db
本次抓到 10 則候選新聞。
[相似略過] 柯文哲不信任度達64.7%！美麗島民調：國民黨藍白合仍慘輸民進黨| 政治 - newtalk.tw | 類似於: 柯文哲不信任度達64.7%！美麗島民調：國民黨藍白合仍慘輸民進黨| 政治 - Newtalk新聞
[相似略過] 最新民調！賴清德滿意度死亡交叉 6成認為民眾黨恐泡沫化 - 東森新聞 | 類似於: 最新民調！賴清德滿意度死亡交叉 6成認為民眾黨恐泡沫化 - news.ebc.net.tw
--------------------------------------------------
候選新聞: 10 則
重複略過: 8 則
相似略過: 2 則
新增情報: 0 則
Telegram 已推送: 0 則
資料庫: political_intel.db
本次抓到 10 則候選新聞。
[相似略過] 最新民調！賴清德滿意度死亡交叉 6成認為民眾黨恐泡沫化 - 東森新聞 | 類似於: 最新民調！賴清德滿意度死亡交叉 6成認為民眾黨恐泡沫化 - news.ebc.net.tw
--------------------------------------------------
候選新聞: 10 則
重複略過: 9 則
相似略過: 1 則
新增情報: 0 則
Telegram 已推送: 0 則
資料庫: political_intel.db
本次抓到 10 則候選新聞。
[相似略過] 最新民調！賴清德滿意度死亡交叉 6成認為民眾黨恐泡沫化 - 東森新聞 | 類似於: 最新民調！賴清德滿意度死亡交叉 6成認為民眾黨恐泡沫化 - news.ebc.net.tw
--------------------------------------------------
候選新聞: 10 則
重複略過: 9 則
相似略過: 1 則
新增情報: 0 則
Telegram 已推送: 0 則
資料庫: political_intel.db
本次抓到 10 則候選新聞。
[相似略過] 最新民調！賴清德滿意度死亡交叉 6成認為民眾黨恐泡沫化 - 東森新聞 | 類似於: 最新民調！賴清德滿意度死亡交叉 6成認為民眾黨恐泡沫化 - news.ebc.net.tw
--------------------------------------------------
候選新聞: 10 則
重複略過: 9 則
相似略過: 1 則
新增情報: 0 則
Telegram 已推送: 0 則
資料庫: political_intel.db
本次抓到 10 則候選新聞。
[相似略過] 最新民調！賴清德滿意度死亡交叉 6成認為民眾黨恐泡沫化 - 東森新聞 | 類似於: 最新民調！賴清德滿意度死亡交叉 6成認為民眾黨恐泡沫化 - news.ebc.net.tw
--------------------------------------------------
候選新聞: 10 則
重複略過: 9 則
相似略過: 1 則
新增情報: 0 則
Telegram 已推送: 0 則
資料庫: political_intel.db
本次抓到 10 則候選新聞。
[相似略過] 最新民調！賴清德滿意度死亡交叉 6成認為民眾黨恐泡沫化 - 東森新聞 | 類似於: 最新民調！賴清德滿意度死亡交叉 6成認為民眾黨恐泡沫化 - news.ebc.net.tw
--------------------------------------------------
候選新聞: 10 則
重複略過: 9 則
相似略過: 1 則
新增情報: 0 則
Telegram 已推送: 0 則
資料庫: political_intel.db
本次抓到 10 則候選新聞。
[已推送] 韓國瑜籲速審總預算 總統府：樂見帶領國會盼有實際行動 - 壹蘋新聞網
[相似略過] 最新民調！賴清德滿意度死亡交叉 6成認為民眾黨恐泡沫化 - 東森新聞 | 類似於: 最新民調！賴清德滿意度死亡交叉 6成認為民眾黨恐泡沫化 - news.ebc.net.tw
--------------------------------------------------
候選新聞: 10 則
重複略過: 8 則
相似略過: 1 則
新增情報: 1 則
Telegram 已推送: 1 則
資料庫: political_intel.db
本次抓到 10 則候選新聞。
[相似略過] 最新民調！賴清德滿意度死亡交叉 6成認為民眾黨恐泡沫化 - 東森新聞 | 類似於: 最新民調！賴清德滿意度死亡交叉 6成認為民眾黨恐泡沫化 - news.ebc.net.tw
--------------------------------------------------
候選新聞: 10 則
重複略過: 9 則
相似略過: 1 則
新增情報: 0 則
Telegram 已推送: 0 則
資料庫: political_intel.db
本次抓到 10 則候選新聞。
[相似略過] 最新民調！賴清德滿意度死亡交叉 6成認為民眾黨恐泡沫化 - 東森新聞 | 類似於: 最新民調！賴清德滿意度死亡交叉 6成認為民眾黨恐泡沫化 - news.ebc.net.tw
[相似略過] 韓國瑜籲速審總預算 總統府：樂見帶領國會盼有實際行動 - 壹蘋新聞網 | 類似於: 韓國瑜籲速審總預算 總統府：樂見帶領國會盼有實際行動 - 壹蘋新聞網
[已推送] 美麗島民調》賴清德滿意度又下滑！核電重啟成炸彈 逾6成反核民眾打出低分 | 張大任 | 新聞 - 風傳媒
--------------------------------------------------
候選新聞: 10 則
重複略過: 7 則
相似略過: 2 則
新增情報: 1 則
Telegram 已推送: 1 則
資料庫: political_intel.db
本次抓到 10 則候選新聞。
[相似略過] 韓國瑜籲速審總預算 總統府：樂見帶領國會盼有實際行動 - 壹蘋新聞網 | 類似於: 韓國瑜籲速審總預算 總統府：樂見帶領國會盼有實際行動 - 壹蘋新聞網
[相似略過] 柯文哲不信任度達64.7%！美麗島民調：國民黨藍白合仍慘輸民進黨| 政治 - newtalk.tw | 類似於: 柯文哲不信任度達64.7%！美麗島民調：國民黨藍白合仍慘輸民進黨| 政治 - Newtalk新聞
[相似略過] 最新民調！賴清德滿意度死亡交叉 6成認為民眾黨恐泡沫化 - 東森新聞 | 類似於: 最新民調！賴清德滿意度死亡交叉 6成認為民眾黨恐泡沫化 - news.ebc.net.tw
[已推送] 選舉將至盧秀燕憂「執政黨恐司法追殺」 | 政治 | 要聞 - 聯合新聞網
--------------------------------------------------
候選新聞: 10 則
重複略過: 6 則
相似略過: 3 則
新增情報: 1 則
Telegram 已推送: 1 則
資料庫: political_intel.db
本次抓到 10 則候選新聞。
[相似略過] 韓國瑜籲速審總預算 總統府：樂見帶領國會盼有實際行動 - 壹蘋新聞網 | 類似於: 韓國瑜籲速審總預算 總統府：樂見帶領國會盼有實際行動 - 壹蘋新聞網
[相似略過] 柯文哲不信任度達64.7%！美麗島民調：國民黨藍白合仍慘輸民進黨| 政治 - newtalk.tw | 類似於: 柯文哲不信任度達64.7%！美麗島民調：國民黨藍白合仍慘輸民進黨| 政治 - Newtalk新聞
[已推送] 最新民調！賴清德滿意度死亡交叉 政黨認同度「它」最高 - tw.news.yahoo.com
--------------------------------------------------
候選新聞: 10 則
重複略過: 7 則
相似略過: 2 則
新增情報: 1 則
Telegram 已推送: 1 則
資料庫: political_intel.db
本次抓到 10 則候選新聞。
[相似略過] 韓國瑜籲速審總預算 總統府：樂見帶領國會盼有實際行動 - 壹蘋新聞網 | 類似於: 韓國瑜籲速審總預算 總統府：樂見帶領國會盼有實際行動 - 壹蘋新聞網
[相似略過] 柯文哲不信任度達64.7%！美麗島民調：國民黨藍白合仍慘輸民進黨| 政治 - newtalk.tw | 類似於: 柯文哲不信任度達64.7%！美麗島民調：國民黨藍白合仍慘輸民進黨| 政治 - Newtalk新聞
--------------------------------------------------
候選新聞: 10 則
重複略過: 8 則
相似略過: 2 則
新增情報: 0 則
Telegram 已推送: 0 則
資料庫: political_intel.db
本次抓到 10 則候選新聞。
[相似略過] 韓國瑜籲速審總預算 總統府：樂見帶領國會盼有實際行動 - 壹蘋新聞網 | 類似於: 韓國瑜籲速審總預算 總統府：樂見帶領國會盼有實際行動 - 壹蘋新聞網
[相似略過] 柯文哲不信任度達64.7%！美麗島民調：國民黨藍白合仍慘輸民進黨| 政治 - newtalk.tw | 類似於: 柯文哲不信任度達64.7%！美麗島民調：國民黨藍白合仍慘輸民進黨| 政治 - Newtalk新聞
[相似略過] 最新民調！賴清德滿意度死亡交叉 6成認為民眾黨恐泡沫化 - 東森新聞 | 類似於: 最新民調！賴清德滿意度死亡交叉 6成認為民眾黨恐泡沫化 - news.ebc.net.tw
--------------------------------------------------
候選新聞: 10 則
重複略過: 7 則
相似略過: 3 則
新增情報: 0 則
Telegram 已推送: 0 則
資料庫: political_intel.db
本次抓到 10 則候選新聞。
[相似略過] 最新民調！賴清德滿意度死亡交叉 6成認為民眾黨恐泡沫化 - 東森新聞 | 類似於: 最新民調！賴清德滿意度死亡交叉 6成認為民眾黨恐泡沫化 - news.ebc.net.tw
--------------------------------------------------
候選新聞: 10 則
重複略過: 9 則
相似略過: 1 則
新增情報: 0 則
Telegram 已推送: 0 則
資料庫: political_intel.db
每日輿情報告已推送。
本次抓到 10 則候選新聞。
[相似略過] 最新民調！賴清德滿意度死亡交叉 6成認為民眾黨恐泡沫化 - 東森新聞 | 類似於: 最新民調！賴清德滿意度死亡交叉 6成認為民眾黨恐泡沫化 - news.ebc.net.tw
[相似略過] 韓國瑜籲速審總預算 總統府：樂見帶領國會盼有實際行動 - 壹蘋新聞網 | 類似於: 韓國瑜籲速審總預算 總統府：樂見帶領國會盼有實際行動 - 壹蘋新聞網
[已推送] 亞太棒球場爭議驚動總統府！賴清德第一時間反應曝光 - Yahoo新聞
--------------------------------------------------
候選新聞: 10 則
重複略過: 7 則
相似略過: 2 則
新增情報: 1 則
Telegram 已推送: 1 則
資料庫: political_intel.db
本次抓到 10 則候選新聞。
[相似略過] 韓國瑜籲速審總預算 總統府：樂見帶領國會盼有實際行動 - 壹蘋新聞網 | 類似於: 韓國瑜籲速審總預算 總統府：樂見帶領國會盼有實際行動 - 壹蘋新聞網
[相似略過] 最新民調！賴清德滿意度死亡交叉 政黨認同度「它」最高 - Yahoo新聞 | 類似於: 最新民調！賴清德滿意度死亡交叉 政黨認同度「它」最高 - tw.news.yahoo.com
[已推送] 緬甸聯邦議會總統選舉 軍方領袖敏昂萊當選 - 公視新聞網PNN
--------------------------------------------------
候選新聞: 10 則
重複略過: 7 則
相似略過: 2 則
新增情報: 1 則
Telegram 已推送: 1 則
資料庫: political_intel.db
本次抓到 10 則候選新聞。
[相似略過] 最新民調！賴清德滿意度死亡交叉 政黨認同度「它」最高 - Yahoo新聞 | 類似於: 最新民調！賴清德滿意度死亡交叉 政黨認同度「它」最高 - tw.news.yahoo.com
[相似略過] 韓國瑜籲速審總預算 總統府：樂見帶領國會盼有實際行動 - 壹蘋新聞網 | 類似於: 韓國瑜籲速審總預算 總統府：樂見帶領國會盼有實際行動 - 壹蘋新聞網
[已推送] 李貞秀失言+抓耙子爭議恐遭民眾黨開鍘 柯文哲首表態：尊重中評會 - 台視新聞網
--------------------------------------------------
候選新聞: 10 則
重複略過: 7 則
相似略過: 2 則
新增情報: 1 則
Telegram 已推送: 1 則
資料庫: political_intel.db
本次抓到 10 則候選新聞。
[相似略過] 韓國瑜籲速審總預算 總統府：樂見帶領國會盼有實際行動 - news.nextapple.com | 類似於: 韓國瑜籲速審總預算 總統府：樂見帶領國會盼有實際行動 - 壹蘋新聞網
[相似略過] 最新民調／政黨支持度出爐：綠奪43.6％大勝藍白　民眾黨反感度三黨最高 - setn.com | 類似於: 最新民調／政黨支持度出爐：綠奪43.6％大勝藍白　民眾黨反感度三黨最高 - 三立新聞網
[相似略過] 最新民調！賴清德滿意度死亡交叉 政黨認同度「它」最高 - Yahoo新聞 | 類似於: 最新民調！賴清德滿意度死亡交叉 政黨認同度「它」最高 - tw.news.yahoo.com
[相似略過] 緬甸聯邦議會總統選舉 軍方領袖敏昂萊當選 - news.pts.org.tw | 類似於: 緬甸聯邦議會總統選舉 軍方領袖敏昂萊當選 - 公視新聞網PNN
--------------------------------------------------
候選新聞: 10 則
重複略過: 6 則
相似略過: 4 則
新增情報: 0 則
Telegram 已推送: 0 則
資料庫: political_intel.db
本次抓到 10 則候選新聞。
[相似略過] 韓國瑜籲速審總預算 總統府：樂見帶領國會盼有實際行動 - news.nextapple.com | 類似於: 韓國瑜籲速審總預算 總統府：樂見帶領國會盼有實際行動 - 壹蘋新聞網
[相似略過] 最新民調！賴清德滿意度死亡交叉 政黨認同度「它」最高 - Yahoo新聞 | 類似於: 最新民調！賴清德滿意度死亡交叉 政黨認同度「它」最高 - tw.news.yahoo.com
[相似略過] 緬甸聯邦議會總統選舉 軍方領袖敏昂萊當選 - news.pts.org.tw | 類似於: 緬甸聯邦議會總統選舉 軍方領袖敏昂萊當選 - 公視新聞網PNN
--------------------------------------------------
候選新聞: 10 則
重複略過: 7 則
相似略過: 3 則
新增情報: 0 則
Telegram 已推送: 0 則
資料庫: political_intel.db
本次抓到 10 則候選新聞。
[相似略過] 最新民調！賴清德滿意度死亡交叉 6成認為民眾黨恐泡沫化 - 東森新聞 | 類似於: 最新民調！賴清德滿意度死亡交叉 6成認為民眾黨恐泡沫化 - news.ebc.net.tw
[相似略過] 民調／54.2%民眾不信柯文哲清白！民眾黨支持度剩8.5% 6成看衰將泡沫化 - Yahoo新聞 | 類似於: 民調／54.2%民眾不信柯文哲清白！民眾黨支持度剩8.5%　6成看衰將泡沫化 - 三立新聞網
[相似略過] 韓國瑜籲速審總預算 總統府：樂見帶領國會盼有實際行動 - 壹蘋新聞網 | 類似於: 韓國瑜籲速審總預算 總統府：樂見帶領國會盼有實際行動 - 壹蘋新聞網
--------------------------------------------------
候選新聞: 10 則
重複略過: 7 則
相似略過: 3 則
新增情報: 0 則
Telegram 已推送: 0 則
資料庫: political_intel.db
